mode: set
runvoy/internal/client/client.go:28.56,33.2 1 1
runvoy/internal/client/client.go:49.74,51.21 2 0
runvoy/internal/client/client.go:51.21,53.17 2 0
runvoy/internal/client/client.go:53.17,55.4 1 0
runvoy/internal/client/client.go:56.3,56.41 1 0
runvoy/internal/client/client.go:59.2,60.16 2 0
runvoy/internal/client/client.go:60.16,62.3 1 0
runvoy/internal/client/client.go:64.2,65.16 2 0
runvoy/internal/client/client.go:65.16,67.3 1 0
runvoy/internal/client/client.go:69.2,78.21 4 0
runvoy/internal/client/client.go:78.21,81.3 2 0
runvoy/internal/client/client.go:81.8,83.3 1 0
runvoy/internal/client/client.go:84.2,89.16 5 0
runvoy/internal/client/client.go:89.16,91.3 1 0
runvoy/internal/client/client.go:92.2,92.15 1 0
runvoy/internal/client/client.go:92.15,94.3 1 0
runvoy/internal/client/client.go:96.2,97.16 2 0
runvoy/internal/client/client.go:97.16,99.3 1 0
runvoy/internal/client/client.go:102.2,111.8 2 0
runvoy/internal/client/client.go:115.85,117.16 2 0
runvoy/internal/client/client.go:117.16,119.3 1 0
runvoy/internal/client/client.go:121.2,121.55 1 0
runvoy/internal/client/client.go:121.55,123.62 2 0
runvoy/internal/client/client.go:123.62,125.4 1 0
runvoy/internal/client/client.go:126.3,126.88 1 0
runvoy/internal/client/client.go:129.2,129.57 1 0
runvoy/internal/client/client.go:129.57,132.3 2 0
runvoy/internal/client/client.go:134.2,134.12 1 0
runvoy/internal/client/client.go:138.110,145.16 3 0
runvoy/internal/client/client.go:145.16,147.3 1 0
runvoy/internal/client/client.go:149.2,149.19 1 0
runvoy/internal/client/client.go:153.110,160.16 3 0
runvoy/internal/client/client.go:160.16,162.3 1 0
runvoy/internal/client/client.go:164.2,164.19 1 0
runvoy/internal/client/client.go:168.81,174.16 3 0
runvoy/internal/client/client.go:174.16,176.3 1 0
runvoy/internal/client/client.go:178.2,178.19 1 0
runvoy/internal/client/client.go:182.78,188.16 3 0
runvoy/internal/client/client.go:188.16,190.3 1 0
runvoy/internal/client/client.go:192.2,192.19 1 0
runvoy/internal/client/client.go:196.109,203.16 3 0
runvoy/internal/client/client.go:203.16,205.3 1 0
runvoy/internal/client/client.go:206.2,206.19 1 0
runvoy/internal/client/client.go:210.94,216.16 3 0
runvoy/internal/client/client.go:216.16,218.3 1 0
runvoy/internal/client/client.go:219.2,219.19 1 0
runvoy/internal/client/client.go:223.116,229.16 3 0
runvoy/internal/client/client.go:229.16,231.3 1 0
runvoy/internal/client/client.go:232.2,232.19 1 0
runvoy/internal/client/client.go:236.109,242.16 3 0
runvoy/internal/client/client.go:242.16,244.3 1 0
runvoy/internal/client/client.go:245.2,245.19 1 0
runvoy/internal/client/client.go:249.79,255.16 3 0
runvoy/internal/client/client.go:255.16,257.3 1 0
runvoy/internal/client/client.go:258.2,258.18 1 0
runvoy/internal/client/client.go:262.99,268.16 3 0
runvoy/internal/client/client.go:268.16,270.3 1 0
runvoy/internal/client/client.go:271.2,271.19 1 0
runvoy/internal/client/client.go:275.120,282.16 3 0
runvoy/internal/client/client.go:282.16,284.3 1 0
runvoy/internal/client/client.go:285.2,285.19 1 0
runvoy/internal/client/client.go:289.83,295.16 3 0
runvoy/internal/client/client.go:295.16,297.3 1 0
runvoy/internal/client/client.go:298.2,298.19 1 0
runvoy/internal/client/client.go:302.103,308.16 3 0
runvoy/internal/client/client.go:308.16,310.3 1 0
runvoy/internal/client/client.go:311.2,311.19 1 0
runvoy/cmd/runvoy/cmd/claim.go:24.13,26.2 1 1
runvoy/cmd/runvoy/cmd/claim.go:28.50,31.16 3 0
runvoy/cmd/runvoy/cmd/claim.go:31.16,34.3 2 0
runvoy/cmd/runvoy/cmd/claim.go:36.2,38.70 3 0
runvoy/cmd/runvoy/cmd/claim.go:38.70,40.3 1 0
runvoy/cmd/runvoy/cmd/claim.go:51.61,53.2 1 0
runvoy/cmd/runvoy/cmd/claim.go:56.35,58.2 1 0
runvoy/cmd/runvoy/cmd/claim.go:68.116,74.2 1 1
runvoy/cmd/runvoy/cmd/claim.go:77.97,79.16 2 1
runvoy/cmd/runvoy/cmd/claim.go:79.16,81.3 1 1
runvoy/cmd/runvoy/cmd/claim.go:83.2,84.47 2 1
runvoy/cmd/runvoy/cmd/claim.go:84.47,88.3 3 1
runvoy/cmd/runvoy/cmd/claim.go:90.2,91.12 2 1
runvoy/cmd/runvoy/cmd/configure.go:21.13,23.2 1 1
runvoy/cmd/runvoy/cmd/configure.go:25.49,27.64 2 0
runvoy/cmd/runvoy/cmd/configure.go:27.64,29.3 1 0
runvoy/cmd/runvoy/cmd/configure.go:40.62,42.2 1 0
runvoy/cmd/runvoy/cmd/configure.go:45.37,47.2 1 0
runvoy/cmd/runvoy/cmd/configure.go:57.67,59.2 1 0
runvoy/cmd/runvoy/cmd/configure.go:62.45,64.2 1 0
runvoy/cmd/runvoy/cmd/configure.go:80.21,87.2 1 1
runvoy/cmd/runvoy/cmd/configure.go:93.59,95.2 1 1
runvoy/cmd/runvoy/cmd/configure.go:101.64,103.2 1 1
runvoy/cmd/runvoy/cmd/configure.go:106.63,110.18 3 1
runvoy/cmd/runvoy/cmd/configure.go:110.18,112.3 1 1
runvoy/cmd/runvoy/cmd/configure.go:112.8,115.3 2 1
runvoy/cmd/runvoy/cmd/configure.go:117.2,118.20 2 1
runvoy/cmd/runvoy/cmd/configure.go:118.20,119.55 1 1
runvoy/cmd/runvoy/cmd/configure.go:119.55,122.4 2 1
runvoy/cmd/runvoy/cmd/configure.go:122.9,124.4 1 1
runvoy/cmd/runvoy/cmd/configure.go:127.2,128.18 2 1
runvoy/cmd/runvoy/cmd/configure.go:128.18,129.50 1 1
runvoy/cmd/runvoy/cmd/configure.go:129.50,132.4 2 1
runvoy/cmd/runvoy/cmd/configure.go:132.9,134.4 1 0
runvoy/cmd/runvoy/cmd/configure.go:137.2,142.47 2 1
runvoy/cmd/runvoy/cmd/configure.go:142.47,144.3 1 1
runvoy/cmd/runvoy/cmd/configure.go:146.2,147.16 2 1
runvoy/cmd/runvoy/cmd/configure.go:147.16,149.3 1 0
runvoy/cmd/runvoy/cmd/configure.go:151.2,154.12 4 1
runvoy/cmd/runvoy/cmd/images.go:53.13,60.2 5 1
runvoy/cmd/runvoy/cmd/images.go:62.58,65.16 3 0
runvoy/cmd/runvoy/cmd/images.go:65.16,68.3 2 0
runvoy/cmd/runvoy/cmd/images.go:70.2,71.40 2 0
runvoy/cmd/runvoy/cmd/images.go:71.40,73.3 1 0
runvoy/cmd/runvoy/cmd/images.go:75.2,77.78 3 0
runvoy/cmd/runvoy/cmd/images.go:77.78,79.3 1 0
runvoy/cmd/runvoy/cmd/images.go:82.52,84.16 2 0
runvoy/cmd/runvoy/cmd/images.go:84.16,87.3 2 0
runvoy/cmd/runvoy/cmd/images.go:89.2,91.57 3 0
runvoy/cmd/runvoy/cmd/images.go:91.57,93.3 1 0
runvoy/cmd/runvoy/cmd/images.go:96.60,99.16 3 0
runvoy/cmd/runvoy/cmd/images.go:99.16,102.3 2 0
runvoy/cmd/runvoy/cmd/images.go:104.2,106.69 3 0
runvoy/cmd/runvoy/cmd/images.go:106.69,108.3 1 0
runvoy/cmd/runvoy/cmd/images.go:118.93,123.2 1 1
runvoy/cmd/runvoy/cmd/images.go:126.97,128.16 2 1
runvoy/cmd/runvoy/cmd/images.go:128.16,130.3 1 1
runvoy/cmd/runvoy/cmd/images.go:132.2,134.24 3 1
runvoy/cmd/runvoy/cmd/images.go:134.24,136.3 1 1
runvoy/cmd/runvoy/cmd/images.go:137.2,137.12 1 1
runvoy/cmd/runvoy/cmd/images.go:141.63,143.16 2 1
runvoy/cmd/runvoy/cmd/images.go:143.16,145.3 1 1
runvoy/cmd/runvoy/cmd/images.go:147.2,159.12 6 1
runvoy/cmd/runvoy/cmd/images.go:163.82,165.16 2 1
runvoy/cmd/runvoy/cmd/images.go:165.16,167.3 1 1
runvoy/cmd/runvoy/cmd/images.go:169.2,172.12 4 1
runvoy/cmd/runvoy/cmd/images.go:176.73,178.31 2 1
runvoy/cmd/runvoy/cmd/images.go:178.31,183.3 1 1
runvoy/cmd/runvoy/cmd/images.go:184.2,184.13 1 1
runvoy/cmd/runvoy/cmd/kill.go:21.13,23.2 1 1
runvoy/cmd/runvoy/cmd/kill.go:25.49,28.16 3 0
runvoy/cmd/runvoy/cmd/kill.go:28.16,31.3 2 0
runvoy/cmd/runvoy/cmd/kill.go:33.2,35.73 3 0
runvoy/cmd/runvoy/cmd/kill.go:35.73,37.3 1 0
runvoy/cmd/runvoy/cmd/kill.go:47.89,52.2 1 1
runvoy/cmd/runvoy/cmd/kill.go:55.84,57.16 2 1
runvoy/cmd/runvoy/cmd/kill.go:57.16,59.3 1 1
runvoy/cmd/runvoy/cmd/kill.go:61.2,64.12 4 1
runvoy/cmd/runvoy/cmd/list.go:22.46,24.3 1 0
runvoy/cmd/runvoy/cmd/list.go:27.13,29.2 1 1
runvoy/cmd/runvoy/cmd/list.go:31.52,33.16 2 0
runvoy/cmd/runvoy/cmd/list.go:33.16,36.3 2 0
runvoy/cmd/runvoy/cmd/list.go:38.2,40.61 3 0
runvoy/cmd/runvoy/cmd/list.go:40.61,42.3 1 0
runvoy/cmd/runvoy/cmd/list.go:52.89,57.2 1 1
runvoy/cmd/runvoy/cmd/list.go:60.65,64.16 3 1
runvoy/cmd/runvoy/cmd/list.go:64.16,66.3 1 1
runvoy/cmd/runvoy/cmd/list.go:68.2,85.12 6 1
runvoy/cmd/runvoy/cmd/list.go:89.74,91.23 2 1
runvoy/cmd/runvoy/cmd/list.go:91.23,95.27 4 1
runvoy/cmd/runvoy/cmd/list.go:95.27,97.4 1 1
runvoy/cmd/runvoy/cmd/list.go:98.3,99.28 2 1
runvoy/cmd/runvoy/cmd/list.go:99.28,101.4 1 1
runvoy/cmd/runvoy/cmd/list.go:103.3,104.40 2 1
runvoy/cmd/runvoy/cmd/list.go:104.40,106.4 1 1
runvoy/cmd/runvoy/cmd/list.go:106.9,108.4 1 1
runvoy/cmd/runvoy/cmd/list.go:110.3,118.5 1 1
runvoy/cmd/runvoy/cmd/list.go:120.2,120.13 1 1
runvoy/cmd/runvoy/cmd/logs.go:20.46,22.3 1 0
runvoy/cmd/runvoy/cmd/logs.go:26.13,28.2 1 1
runvoy/cmd/runvoy/cmd/logs.go:30.49,33.16 3 0
runvoy/cmd/runvoy/cmd/logs.go:33.16,36.3 2 0
runvoy/cmd/runvoy/cmd/logs.go:38.2,42.94 4 0
runvoy/cmd/runvoy/cmd/logs.go:42.94,44.3 1 0
runvoy/cmd/runvoy/cmd/logs.go:54.89,59.2 1 1
runvoy/cmd/runvoy/cmd/logs.go:62.96,64.16 2 1
runvoy/cmd/runvoy/cmd/logs.go:64.16,66.3 1 1
runvoy/cmd/runvoy/cmd/logs.go:68.2,70.34 3 1
runvoy/cmd/runvoy/cmd/logs.go:70.34,76.3 1 1
runvoy/cmd/runvoy/cmd/logs.go:77.2,82.12 5 1
runvoy/cmd/runvoy/cmd/output_interface.go:23.41,25.2 1 0
runvoy/cmd/runvoy/cmd/output_interface.go:27.64,29.2 1 0
runvoy/cmd/runvoy/cmd/output_interface.go:31.65,33.2 1 0
runvoy/cmd/runvoy/cmd/output_interface.go:35.67,37.2 1 0
runvoy/cmd/runvoy/cmd/output_interface.go:39.67,41.2 1 0
runvoy/cmd/runvoy/cmd/output_interface.go:43.66,45.2 1 0
runvoy/cmd/runvoy/cmd/output_interface.go:47.33,49.2 1 0
runvoy/cmd/runvoy/cmd/output_interface.go:51.50,53.2 1 0
runvoy/cmd/runvoy/cmd/output_interface.go:55.50,57.2 1 0
runvoy/cmd/runvoy/cmd/output_interface.go:59.53,61.2 1 0
runvoy/cmd/runvoy/cmd/output_interface.go:63.54,65.2 1 0
runvoy/cmd/runvoy/cmd/root.go:33.64,38.14 4 0
runvoy/cmd/runvoy/cmd/root.go:38.14,41.4 2 0
runvoy/cmd/runvoy/cmd/root.go:43.3,44.12 2 0
runvoy/cmd/runvoy/cmd/root.go:44.12,46.4 1 0
runvoy/cmd/runvoy/cmd/root.go:47.3,49.21 2 0
runvoy/cmd/runvoy/cmd/root.go:49.21,50.15 1 0
runvoy/cmd/runvoy/cmd/root.go:50.15,52.5 1 0
runvoy/cmd/runvoy/cmd/root.go:54.4,54.14 1 0
runvoy/cmd/runvoy/cmd/root.go:58.3,59.17 2 0
runvoy/cmd/runvoy/cmd/root.go:59.17,61.4 1 0
runvoy/cmd/runvoy/cmd/root.go:63.3,67.14 4 0
runvoy/cmd/runvoy/cmd/root.go:67.14,69.4 1 0
runvoy/cmd/runvoy/cmd/root.go:71.3,72.17 2 0
runvoy/cmd/runvoy/cmd/root.go:72.17,75.4 2 0
runvoy/cmd/runvoy/cmd/root.go:77.3,78.17 2 0
runvoy/cmd/runvoy/cmd/root.go:78.17,81.4 2 0
runvoy/cmd/runvoy/cmd/root.go:83.3,84.14 2 0
runvoy/cmd/runvoy/cmd/root.go:84.14,87.4 2 0
runvoy/cmd/runvoy/cmd/root.go:89.3,89.13 1 0
runvoy/cmd/runvoy/cmd/root.go:91.58,92.14 1 0
runvoy/cmd/runvoy/cmd/root.go:92.14,94.27 2 0
runvoy/cmd/runvoy/cmd/root.go:94.27,96.5 1 0
runvoy/cmd/runvoy/cmd/root.go:98.3,98.27 1 0
runvoy/cmd/runvoy/cmd/root.go:98.27,100.4 1 0
runvoy/cmd/runvoy/cmd/root.go:105.16,107.26 2 0
runvoy/cmd/runvoy/cmd/root.go:107.26,109.3 1 0
runvoy/cmd/runvoy/cmd/root.go:111.2,111.16 1 0
runvoy/cmd/runvoy/cmd/root.go:111.16,113.3 1 0
runvoy/cmd/runvoy/cmd/root.go:116.13,120.2 3 1
runvoy/cmd/runvoy/cmd/root.go:125.61,126.22 1 1
runvoy/cmd/runvoy/cmd/root.go:126.22,128.3 1 1
runvoy/cmd/runvoy/cmd/root.go:131.2,132.16 2 1
runvoy/cmd/runvoy/cmd/root.go:132.16,134.3 1 1
runvoy/cmd/runvoy/cmd/root.go:137.2,138.16 2 1
runvoy/cmd/runvoy/cmd/root.go:138.16,143.3 2 1
runvoy/cmd/runvoy/cmd/root.go:145.2,145.50 1 1
runvoy/cmd/runvoy/cmd/root.go:148.38,150.2 1 0
runvoy/cmd/runvoy/cmd/root.go:153.71,155.23 2 0
runvoy/cmd/runvoy/cmd/root.go:155.23,157.3 1 0
runvoy/cmd/runvoy/cmd/root.go:158.2,158.17 1 0
runvoy/cmd/runvoy/cmd/root.go:161.60,163.9 2 0
runvoy/cmd/runvoy/cmd/root.go:163.9,165.3 1 0
runvoy/cmd/runvoy/cmd/root.go:166.2,166.18 1 0
runvoy/cmd/runvoy/cmd/run.go:43.13,49.2 5 1
runvoy/cmd/runvoy/cmd/run.go:51.48,54.16 3 0
runvoy/cmd/runvoy/cmd/run.go:54.16,57.3 2 0
runvoy/cmd/runvoy/cmd/run.go:59.2,76.67 9 0
runvoy/cmd/runvoy/cmd/run.go:76.67,78.3 1 0
runvoy/cmd/runvoy/cmd/run.go:81.61,83.30 2 1
runvoy/cmd/runvoy/cmd/run.go:83.30,85.47 2 1
runvoy/cmd/runvoy/cmd/run.go:85.47,86.12 1 1
runvoy/cmd/runvoy/cmd/run.go:89.3,90.45 2 1
runvoy/cmd/runvoy/cmd/run.go:90.45,92.4 1 1
runvoy/cmd/runvoy/cmd/run.go:95.2,95.13 1 1
runvoy/cmd/runvoy/cmd/run.go:116.87,121.2 1 1
runvoy/cmd/runvoy/cmd/run.go:124.92,126.23 2 1
runvoy/cmd/runvoy/cmd/run.go:126.23,128.3 1 1
runvoy/cmd/runvoy/cmd/run.go:129.2,129.22 1 1
runvoy/cmd/runvoy/cmd/run.go:129.22,131.3 1 1
runvoy/cmd/runvoy/cmd/run.go:132.2,132.23 1 1
runvoy/cmd/runvoy/cmd/run.go:132.23,134.3 1 1
runvoy/cmd/runvoy/cmd/run.go:136.2,137.27 2 1
runvoy/cmd/runvoy/cmd/run.go:137.27,139.3 1 1
runvoy/cmd/runvoy/cmd/run.go:140.2,140.22 1 1
runvoy/cmd/runvoy/cmd/run.go:140.22,143.3 2 1
runvoy/cmd/runvoy/cmd/run.go:145.2,154.16 3 1
runvoy/cmd/runvoy/cmd/run.go:154.16,156.3 1 1
runvoy/cmd/runvoy/cmd/run.go:158.2,161.21 4 1
runvoy/cmd/runvoy/cmd/run.go:161.21,163.3 1 1
runvoy/cmd/runvoy/cmd/run.go:164.2,166.12 2 1
runvoy/cmd/runvoy/cmd/status.go:20.13,22.2 1 1
runvoy/cmd/runvoy/cmd/status.go:24.51,27.16 3 0
runvoy/cmd/runvoy/cmd/status.go:27.16,30.3 2 0
runvoy/cmd/runvoy/cmd/status.go:32.2,34.73 3 0
runvoy/cmd/runvoy/cmd/status.go:34.73,36.3 1 0
runvoy/cmd/runvoy/cmd/status.go:46.93,51.2 1 1
runvoy/cmd/runvoy/cmd/status.go:54.86,56.16 2 1
runvoy/cmd/runvoy/cmd/status.go:56.16,58.3 1 1
runvoy/cmd/runvoy/cmd/status.go:60.2,63.31 4 1
runvoy/cmd/runvoy/cmd/status.go:63.31,65.3 1 1
runvoy/cmd/runvoy/cmd/status.go:66.2,66.28 1 1
runvoy/cmd/runvoy/cmd/status.go:66.28,68.3 1 1
runvoy/cmd/runvoy/cmd/status.go:69.2,71.12 3 1
runvoy/cmd/runvoy/cmd/users.go:23.46,25.3 1 0
runvoy/cmd/runvoy/cmd/users.go:28.13,30.2 1 1
runvoy/cmd/runvoy/cmd/users.go:32.51,34.16 2 0
runvoy/cmd/runvoy/cmd/users.go:34.16,37.3 2 0
runvoy/cmd/runvoy/cmd/users.go:39.2,41.56 3 0
runvoy/cmd/runvoy/cmd/users.go:41.56,43.3 1 0
runvoy/cmd/runvoy/cmd/users.go:53.55,55.16 2 0
runvoy/cmd/runvoy/cmd/users.go:55.16,58.3 2 0
runvoy/cmd/runvoy/cmd/users.go:59.2,63.64 4 0
runvoy/cmd/runvoy/cmd/users.go:63.64,65.3 1 0
runvoy/cmd/runvoy/cmd/users.go:68.13,70.2 1 1
runvoy/cmd/runvoy/cmd/users.go:87.13,90.2 2 1
runvoy/cmd/runvoy/cmd/users.go:92.55,94.16 2 0
runvoy/cmd/runvoy/cmd/users.go:94.16,97.3 2 0
runvoy/cmd/runvoy/cmd/users.go:98.2,102.64 4 0
runvoy/cmd/runvoy/cmd/users.go:102.64,104.3 1 0
runvoy/cmd/runvoy/cmd/users.go:114.91,119.2 1 1
runvoy/cmd/runvoy/cmd/users.go:122.76,128.16 3 1
runvoy/cmd/runvoy/cmd/users.go:128.16,130.3 1 1
runvoy/cmd/runvoy/cmd/users.go:132.2,144.12 9 1
runvoy/cmd/runvoy/cmd/users.go:148.61,152.16 3 1
runvoy/cmd/runvoy/cmd/users.go:152.16,154.3 1 1
runvoy/cmd/runvoy/cmd/users.go:156.2,156.26 1 1
runvoy/cmd/runvoy/cmd/users.go:156.26,160.3 3 1
runvoy/cmd/runvoy/cmd/users.go:162.2,176.12 6 1
runvoy/cmd/runvoy/cmd/users.go:180.76,186.16 3 1
runvoy/cmd/runvoy/cmd/users.go:186.16,188.3 1 1
runvoy/cmd/runvoy/cmd/users.go:190.2,192.12 3 1
runvoy/cmd/runvoy/cmd/users.go:196.66,198.26 2 1
runvoy/cmd/runvoy/cmd/users.go:198.26,202.27 3 1
runvoy/cmd/runvoy/cmd/users.go:202.27,204.4 1 1
runvoy/cmd/runvoy/cmd/users.go:206.3,207.16 2 1
runvoy/cmd/runvoy/cmd/users.go:207.16,209.4 1 1
runvoy/cmd/runvoy/cmd/users.go:211.3,216.5 1 1
runvoy/cmd/runvoy/cmd/users.go:218.2,218.13 1 1
runvoy/cmd/runvoy/cmd/version.go:15.44,19.17 3 0
runvoy/cmd/runvoy/cmd/version.go:19.17,21.4 1 0
runvoy/cmd/runvoy/cmd/version.go:23.3,25.17 3 0
runvoy/cmd/runvoy/cmd/version.go:25.17,28.4 2 0
runvoy/cmd/runvoy/cmd/version.go:30.3,30.53 1 0
runvoy/cmd/runvoy/cmd/version.go:34.13,36.2 1 1
runvoy/internal/app/init.go:32.41,46.18 3 0
runvoy/internal/app/init.go:47.21,49.17 2 0
runvoy/internal/app/init.go:49.17,51.4 1 0
runvoy/internal/app/init.go:52.10,53.98 1 0
runvoy/internal/app/init.go:56.2,58.75 2 0
runvoy/internal/app/init.go:65.94,66.28 1 0
runvoy/internal/app/init.go:66.28,68.3 1 0
runvoy/internal/app/init.go:70.2,70.31 1 0
runvoy/internal/app/init.go:70.31,72.3 1 0
runvoy/internal/app/init.go:74.2,74.35 1 0
runvoy/internal/app/init.go:74.35,76.3 1 0
runvoy/internal/app/init.go:78.2,78.26 1 0
runvoy/internal/app/init.go:78.26,80.3 1 0
runvoy/internal/app/init.go:82.2,83.16 2 0
runvoy/internal/app/init.go:83.16,85.3 1 0
runvoy/internal/app/init.go:87.2,111.45 8 0
runvoy/internal/app/main.go:64.47,72.2 1 1
runvoy/internal/app/main.go:75.86,76.17 1 0
runvoy/internal/app/main.go:76.17,78.3 1 0
runvoy/internal/app/main.go:80.2,80.52 1 0
runvoy/internal/app/main.go:80.52,82.3 1 0
runvoy/internal/app/main.go:84.2,85.16 2 0
runvoy/internal/app/main.go:85.16,87.3 1 0
runvoy/internal/app/main.go:89.2,89.25 1 0
runvoy/internal/app/main.go:89.25,91.3 1 0
runvoy/internal/app/main.go:93.2,93.12 1 0
runvoy/internal/app/main.go:97.62,98.23 1 0
runvoy/internal/app/main.go:98.23,100.3 1 0
runvoy/internal/app/main.go:101.2,102.16 2 0
runvoy/internal/app/main.go:102.16,104.3 1 0
runvoy/internal/app/main.go:105.2,105.20 1 0
runvoy/internal/app/main.go:111.19,113.16 2 0
runvoy/internal/app/main.go:113.16,115.3 1 0
runvoy/internal/app/main.go:117.2,127.68 2 0
runvoy/internal/app/main.go:127.68,129.3 1 0
runvoy/internal/app/main.go:131.2,131.25 1 0
runvoy/internal/app/main.go:138.36,139.23 1 0
runvoy/internal/app/main.go:139.23,141.3 1 0
runvoy/internal/app/main.go:143.2,143.68 1 0
runvoy/internal/app/main.go:143.68,145.3 1 0
runvoy/internal/app/main.go:147.2,148.16 2 0
runvoy/internal/app/main.go:148.16,150.3 1 0
runvoy/internal/app/main.go:152.2,162.93 4 0
runvoy/internal/app/main.go:162.93,164.3 1 0
runvoy/internal/app/main.go:166.2,167.16 2 0
runvoy/internal/app/main.go:167.16,170.3 2 0
runvoy/internal/app/main.go:172.2,175.8 1 0
runvoy/internal/app/main.go:183.37,184.23 1 0
runvoy/internal/app/main.go:184.23,186.3 1 0
runvoy/internal/app/main.go:189.2,190.16 2 0
runvoy/internal/app/main.go:190.16,192.3 1 0
runvoy/internal/app/main.go:194.2,194.20 1 0
runvoy/internal/app/main.go:194.20,196.3 1 0
runvoy/internal/app/main.go:199.2,199.20 1 0
runvoy/internal/app/main.go:199.20,201.3 1 0
runvoy/internal/app/main.go:204.2,205.29 2 0
runvoy/internal/app/main.go:205.29,207.3 1 0
runvoy/internal/app/main.go:210.2,210.85 1 0
runvoy/internal/app/main.go:210.85,212.3 1 0
runvoy/internal/app/main.go:215.2,215.88 1 0
runvoy/internal/app/main.go:215.88,218.3 1 0
runvoy/internal/app/main.go:220.2,224.8 1 0
runvoy/internal/app/main.go:229.91,230.23 1 1
runvoy/internal/app/main.go:230.23,232.3 1 0
runvoy/internal/app/main.go:234.2,234.18 1 1
runvoy/internal/app/main.go:234.18,236.3 1 1
runvoy/internal/app/main.go:238.2,241.16 3 1
runvoy/internal/app/main.go:241.16,243.3 1 1
runvoy/internal/app/main.go:245.2,245.17 1 1
runvoy/internal/app/main.go:245.17,247.3 1 1
runvoy/internal/app/main.go:249.2,249.18 1 1
runvoy/internal/app/main.go:249.18,251.3 1 1
runvoy/internal/app/main.go:253.2,253.18 1 1
runvoy/internal/app/main.go:258.93,259.23 1 1
runvoy/internal/app/main.go:259.23,261.3 1 0
runvoy/internal/app/main.go:262.2,262.17 1 1
runvoy/internal/app/main.go:262.17,264.3 1 1
runvoy/internal/app/main.go:265.2,265.46 1 1
runvoy/internal/app/main.go:270.71,271.23 1 1
runvoy/internal/app/main.go:271.23,273.3 1 0
runvoy/internal/app/main.go:275.2,275.17 1 1
runvoy/internal/app/main.go:275.17,277.3 1 1
runvoy/internal/app/main.go:279.2,280.16 2 1
runvoy/internal/app/main.go:280.16,283.3 1 1
runvoy/internal/app/main.go:284.2,284.17 1 1
runvoy/internal/app/main.go:284.17,286.3 1 1
runvoy/internal/app/main.go:288.2,288.70 1 1
runvoy/internal/app/main.go:288.70,291.3 1 1
runvoy/internal/app/main.go:293.2,293.12 1 1
runvoy/internal/app/main.go:299.82,300.23 1 0
runvoy/internal/app/main.go:300.23,302.3 1 0
runvoy/internal/app/main.go:304.2,305.16 2 0
runvoy/internal/app/main.go:305.16,307.3 1 0
runvoy/internal/app/main.go:309.2,309.50 1 0
runvoy/internal/app/main.go:309.50,311.3 1 0
runvoy/internal/app/main.go:313.2,315.8 1 0
runvoy/internal/app/main.go:322.61,323.28 1 1
runvoy/internal/app/main.go:323.28,325.3 1 0
runvoy/internal/app/main.go:327.2,327.23 1 1
runvoy/internal/app/main.go:327.23,329.3 1 1
runvoy/internal/app/main.go:330.2,331.16 2 1
runvoy/internal/app/main.go:331.16,333.3 1 1
runvoy/internal/app/main.go:335.2,337.22 3 1
runvoy/internal/app/main.go:337.22,339.3 1 1
runvoy/internal/app/main.go:341.2,358.21 4 1
runvoy/internal/app/main.go:358.21,362.3 1 1
runvoy/internal/app/main.go:364.2,364.71 1 1
runvoy/internal/app/main.go:364.71,370.3 1 1
runvoy/internal/app/main.go:372.2,375.8 1 1
runvoy/internal/app/main.go:379.108,380.23 1 1
runvoy/internal/app/main.go:380.23,382.3 1 1
runvoy/internal/app/main.go:384.2,385.16 2 1
runvoy/internal/app/main.go:385.16,387.3 1 1
runvoy/internal/app/main.go:389.2,389.73 1 1
runvoy/internal/app/main.go:393.117,394.28 1 1
runvoy/internal/app/main.go:394.28,396.3 1 0
runvoy/internal/app/main.go:397.2,397.23 1 1
runvoy/internal/app/main.go:397.23,399.3 1 1
runvoy/internal/app/main.go:401.2,402.16 2 1
runvoy/internal/app/main.go:402.16,404.3 1 1
runvoy/internal/app/main.go:405.2,405.22 1 1
runvoy/internal/app/main.go:405.22,407.3 1 1
runvoy/internal/app/main.go:409.2,410.34 2 1
runvoy/internal/app/main.go:410.34,414.3 2 1
runvoy/internal/app/main.go:416.2,422.8 1 1
runvoy/internal/app/main.go:428.80,429.28 1 1
runvoy/internal/app/main.go:429.28,431.3 1 0
runvoy/internal/app/main.go:432.2,432.23 1 1
runvoy/internal/app/main.go:432.23,434.3 1 1
runvoy/internal/app/main.go:436.2,440.16 3 1
runvoy/internal/app/main.go:440.16,442.3 1 1
runvoy/internal/app/main.go:443.2,443.22 1 1
runvoy/internal/app/main.go:443.22,445.3 1 1
runvoy/internal/app/main.go:447.2,451.87 3 1
runvoy/internal/app/main.go:451.87,453.3 1 1
runvoy/internal/app/main.go:453.5,457.3 1 1
runvoy/internal/app/main.go:460.2,460.68 1 1
runvoy/internal/app/main.go:460.68,462.3 1 1
runvoy/internal/app/main.go:464.2,466.12 2 1
runvoy/internal/app/main.go:471.81,472.28 1 1
runvoy/internal/app/main.go:472.28,474.3 1 0
runvoy/internal/app/main.go:475.2,476.16 2 1
runvoy/internal/app/main.go:476.16,478.3 1 1
runvoy/internal/app/main.go:479.2,479.24 1 1
runvoy/internal/app/main.go:487.39,488.17 1 1
runvoy/internal/app/main.go:488.17,490.3 1 1
runvoy/internal/app/main.go:492.2,492.70 1 1
runvoy/internal/app/main.go:492.70,494.3 1 1
runvoy/internal/app/main.go:496.2,499.8 1 1
runvoy/internal/app/main.go:503.84,505.16 2 1
runvoy/internal/app/main.go:505.16,507.3 1 1
runvoy/internal/app/main.go:509.2,511.8 1 1
runvoy/internal/app/main.go:515.72,516.17 1 1
runvoy/internal/app/main.go:516.17,518.3 1 1
runvoy/internal/app/main.go:520.2,520.57 1 1
runvoy/internal/app/main.go:520.57,522.3 1 1
runvoy/internal/app/main.go:524.2,524.12 1 1
runvoy/internal/config/config.go:52.30,59.42 3 0
runvoy/internal/config/config.go:59.42,61.56 1 0
runvoy/internal/config/config.go:61.56,63.4 1 0
runvoy/internal/config/config.go:67.2,76.41 7 0
runvoy/internal/config/config.go:76.41,78.3 1 0
runvoy/internal/config/config.go:81.2,81.45 1 0
runvoy/internal/config/config.go:81.45,83.3 1 0
runvoy/internal/config/config.go:85.2,85.18 1 0
runvoy/internal/config/config.go:90.33,93.42 2 0
runvoy/internal/config/config.go:93.42,95.3 1 0
runvoy/internal/config/config.go:97.2,98.42 2 0
runvoy/internal/config/config.go:98.42,100.3 1 0
runvoy/internal/config/config.go:102.2,102.18 1 0
runvoy/internal/config/config.go:108.42,118.42 8 0
runvoy/internal/config/config.go:118.42,120.3 1 0
runvoy/internal/config/config.go:123.2,123.51 1 0
runvoy/internal/config/config.go:123.51,125.3 1 0
runvoy/internal/config/config.go:127.2,127.18 1 0
runvoy/internal/config/config.go:132.44,142.42 8 0
runvoy/internal/config/config.go:142.42,144.3 1 0
runvoy/internal/config/config.go:147.2,147.53 1 0
runvoy/internal/config/config.go:147.53,149.3 1 0
runvoy/internal/config/config.go:151.2,151.18 1 0
runvoy/internal/config/config.go:156.37,158.16 2 0
runvoy/internal/config/config.go:158.16,161.3 2 0
runvoy/internal/config/config.go:162.2,162.12 1 0
runvoy/internal/config/config.go:167.39,169.16 2 0
runvoy/internal/config/config.go:169.16,172.3 2 0
runvoy/internal/config/config.go:173.2,173.12 1 0
runvoy/internal/config/config.go:178.33,180.16 2 0
runvoy/internal/config/config.go:180.16,182.3 1 0
runvoy/internal/config/config.go:184.2,186.78 2 0
runvoy/internal/config/config.go:186.78,188.3 1 0
runvoy/internal/config/config.go:190.2,197.55 6 0
runvoy/internal/config/config.go:197.55,199.3 1 0
runvoy/internal/config/config.go:202.2,202.81 1 0
runvoy/internal/config/config.go:202.81,204.3 1 0
runvoy/internal/config/config.go:206.2,206.12 1 0
runvoy/internal/config/config.go:210.38,212.16 2 1
runvoy/internal/config/config.go:212.16,214.3 1 0
runvoy/internal/config/config.go:216.2,217.64 2 1
runvoy/internal/config/config.go:222.43,224.64 2 1
runvoy/internal/config/config.go:224.64,226.3 1 1
runvoy/internal/config/config.go:227.2,227.14 1 1
runvoy/internal/config/config.go:232.43,233.26 1 1
runvoy/internal/config/config.go:233.26,235.3 1 1
runvoy/internal/config/config.go:236.2,236.38 1 1
runvoy/internal/config/config.go:241.34,247.2 5 0
runvoy/internal/config/config.go:249.43,251.16 2 0
runvoy/internal/config/config.go:251.16,253.3 1 0
runvoy/internal/config/config.go:255.2,261.49 5 0
runvoy/internal/config/config.go:261.49,263.3 1 0
runvoy/internal/config/config.go:265.2,265.12 1 0
runvoy/internal/config/config.go:268.34,289.33 2 0
runvoy/internal/config/config.go:289.33,291.34 1 0
runvoy/internal/config/config.go:291.34,293.4 1 0
runvoy/internal/config/config.go:293.9,297.4 2 0
runvoy/internal/config/config.go:304.46,315.37 2 1
runvoy/internal/config/config.go:315.37,316.18 1 1
runvoy/internal/config/config.go:316.18,318.4 1 1
runvoy/internal/config/config.go:321.2,321.12 1 1
runvoy/internal/config/config.go:326.48,332.37 2 1
runvoy/internal/config/config.go:332.37,333.18 1 1
runvoy/internal/config/config.go:333.18,335.4 1 1
runvoy/internal/config/config.go:338.2,338.12 1 1
runvoy/internal/auth/apikey.go:14.39,16.40 2 1
runvoy/internal/auth/apikey.go:16.40,18.3 1 0
runvoy/internal/auth/apikey.go:20.2,20.80 1 1
runvoy/internal/auth/apikey.go:25.39,29.2 2 1
runvoy/internal/auth/apikey.go:33.44,35.40 2 0
runvoy/internal/auth/apikey.go:35.40,37.3 1 0
runvoy/internal/auth/apikey.go:39.2,39.80 1 0
runvoy/internal/constants/constants.go:10.27,12.2 1 1
runvoy/internal/constants/constants.go:24.43,26.2 1 1
runvoy/internal/constants/constants.go:29.44,31.2 1 1
runvoy/internal/constants/constants.go:134.52,140.2 1 1
runvoy/internal/database/dynamodb/executions.go:32.111,38.2 1 1
runvoy/internal/database/dynamodb/executions.go:58.55,73.2 1 1
runvoy/internal/database/dynamodb/executions.go:76.57,90.2 1 1
runvoy/internal/database/dynamodb/executions.go:93.100,99.16 4 0
runvoy/internal/database/dynamodb/executions.go:99.16,101.3 1 0
runvoy/internal/database/dynamodb/executions.go:103.2,121.16 3 0
runvoy/internal/database/dynamodb/executions.go:121.16,124.28 2 0
runvoy/internal/database/dynamodb/executions.go:124.28,126.4 1 0
runvoy/internal/database/dynamodb/executions.go:127.3,127.71 1 0
runvoy/internal/database/dynamodb/executions.go:130.2,132.12 2 0
runvoy/internal/database/dynamodb/executions.go:136.109,158.16 6 0
runvoy/internal/database/dynamodb/executions.go:158.16,160.3 1 0
runvoy/internal/database/dynamodb/executions.go:162.2,162.28 1 0
runvoy/internal/database/dynamodb/executions.go:162.28,164.3 1 0
runvoy/internal/database/dynamodb/executions.go:166.2,167.75 2 0
runvoy/internal/database/dynamodb/executions.go:167.75,169.3 1 0
runvoy/internal/database/dynamodb/executions.go:171.2,171.35 1 0
runvoy/internal/database/dynamodb/executions.go:175.53,177.16 2 1
runvoy/internal/database/dynamodb/executions.go:177.16,179.3 1 0
runvoy/internal/database/dynamodb/executions.go:180.2,181.9 2 1
runvoy/internal/database/dynamodb/executions.go:181.9,183.3 1 0
runvoy/internal/database/dynamodb/executions.go:184.2,184.32 1 1
runvoy/internal/database/dynamodb/executions.go:190.107,199.34 4 1
runvoy/internal/database/dynamodb/executions.go:199.34,202.24 3 1
runvoy/internal/database/dynamodb/executions.go:202.24,204.4 1 0
runvoy/internal/database/dynamodb/executions.go:205.3,205.88 1 1
runvoy/internal/database/dynamodb/executions.go:208.2,211.35 3 1
runvoy/internal/database/dynamodb/executions.go:211.35,215.3 2 1
runvoy/internal/database/dynamodb/executions.go:217.2,217.35 1 1
runvoy/internal/database/dynamodb/executions.go:217.35,220.3 2 1
runvoy/internal/database/dynamodb/executions.go:222.2,222.51 1 1
runvoy/internal/database/dynamodb/executions.go:226.100,230.16 3 0
runvoy/internal/database/dynamodb/executions.go:230.16,232.3 1 0
runvoy/internal/database/dynamodb/executions.go:234.2,235.16 2 0
runvoy/internal/database/dynamodb/executions.go:235.16,237.3 1 0
runvoy/internal/database/dynamodb/executions.go:239.2,260.16 5 0
runvoy/internal/database/dynamodb/executions.go:260.16,262.3 1 0
runvoy/internal/database/dynamodb/executions.go:264.2,264.12 1 0
runvoy/internal/database/dynamodb/executions.go:269.93,281.6 6 0
runvoy/internal/database/dynamodb/executions.go:281.6,288.17 3 0
runvoy/internal/database/dynamodb/executions.go:288.17,290.4 1 0
runvoy/internal/database/dynamodb/executions.go:292.3,292.32 1 0
runvoy/internal/database/dynamodb/executions.go:292.32,294.64 2 0
runvoy/internal/database/dynamodb/executions.go:294.64,296.5 1 0
runvoy/internal/database/dynamodb/executions.go:297.4,297.58 1 0
runvoy/internal/database/dynamodb/executions.go:300.3,300.37 1 0
runvoy/internal/database/dynamodb/executions.go:300.37,301.9 1 0
runvoy/internal/database/dynamodb/executions.go:303.3,303.33 1 0
runvoy/internal/database/dynamodb/executions.go:307.2,307.60 1 0
runvoy/internal/database/dynamodb/executions.go:307.60,308.37 1 0
runvoy/internal/database/dynamodb/executions.go:308.37,310.4 1 0
runvoy/internal/database/dynamodb/executions.go:311.3,311.37 1 0
runvoy/internal/database/dynamodb/executions.go:311.37,313.4 1 0
runvoy/internal/database/dynamodb/executions.go:314.3,314.11 1 0
runvoy/internal/database/dynamodb/executions.go:317.2,317.24 1 0
runvoy/internal/database/dynamodb/users.go:34.19,41.2 1 0
runvoy/internal/database/dynamodb/users.go:55.99,57.2 1 0
runvoy/internal/database/dynamodb/users.go:66.9,78.23 3 0
runvoy/internal/database/dynamodb/users.go:78.23,80.3 1 0
runvoy/internal/database/dynamodb/users.go:82.2,83.16 2 0
runvoy/internal/database/dynamodb/users.go:83.16,85.3 1 0
runvoy/internal/database/dynamodb/users.go:88.2,103.16 5 0
runvoy/internal/database/dynamodb/users.go:103.16,105.30 2 0
runvoy/internal/database/dynamodb/users.go:105.30,107.4 1 0
runvoy/internal/database/dynamodb/users.go:108.3,108.66 1 0
runvoy/internal/database/dynamodb/users.go:111.2,111.12 1 0
runvoy/internal/database/dynamodb/users.go:115.95,136.16 6 0
runvoy/internal/database/dynamodb/users.go:136.16,138.3 1 0
runvoy/internal/database/dynamodb/users.go:140.2,140.28 1 0
runvoy/internal/database/dynamodb/users.go:140.28,144.3 2 0
runvoy/internal/database/dynamodb/users.go:146.2,147.94 2 0
runvoy/internal/database/dynamodb/users.go:147.94,149.3 1 0
runvoy/internal/database/dynamodb/users.go:151.2,157.8 1 0
runvoy/internal/database/dynamodb/users.go:161.105,180.16 6 0
runvoy/internal/database/dynamodb/users.go:180.16,184.3 2 0
runvoy/internal/database/dynamodb/users.go:186.2,186.24 1 0
runvoy/internal/database/dynamodb/users.go:186.24,190.3 2 0
runvoy/internal/database/dynamodb/users.go:192.2,193.90 2 0
runvoy/internal/database/dynamodb/users.go:193.90,195.3 1 0
runvoy/internal/database/dynamodb/users.go:197.2,202.8 1 0
runvoy/internal/database/dynamodb/users.go:206.109,228.16 6 0
runvoy/internal/database/dynamodb/users.go:228.16,230.3 1 0
runvoy/internal/database/dynamodb/users.go:232.2,232.28 1 0
runvoy/internal/database/dynamodb/users.go:232.28,234.3 1 0
runvoy/internal/database/dynamodb/users.go:236.2,237.58 2 0
runvoy/internal/database/dynamodb/users.go:237.58,238.64 1 0
runvoy/internal/database/dynamodb/users.go:238.64,240.4 1 0
runvoy/internal/database/dynamodb/users.go:242.2,242.22 1 0
runvoy/internal/database/dynamodb/users.go:242.22,244.3 1 0
runvoy/internal/database/dynamodb/users.go:246.2,246.24 1 0
runvoy/internal/database/dynamodb/users.go:250.96,254.16 3 0
runvoy/internal/database/dynamodb/users.go:254.16,256.3 1 0
runvoy/internal/database/dynamodb/users.go:258.2,279.16 6 0
runvoy/internal/database/dynamodb/users.go:279.16,281.3 1 0
runvoy/internal/database/dynamodb/users.go:283.2,283.18 1 0
runvoy/internal/database/dynamodb/users.go:287.78,291.16 3 0
runvoy/internal/database/dynamodb/users.go:291.16,293.3 1 0
runvoy/internal/database/dynamodb/users.go:295.2,316.16 5 0
runvoy/internal/database/dynamodb/users.go:316.16,318.3 1 0
runvoy/internal/database/dynamodb/users.go:320.2,320.12 1 0
runvoy/internal/database/dynamodb/users.go:324.84,347.16 6 0
runvoy/internal/database/dynamodb/users.go:347.16,349.3 1 0
runvoy/internal/database/dynamodb/users.go:351.2,351.28 1 0
runvoy/internal/database/dynamodb/users.go:351.28,353.3 1 0
runvoy/internal/database/dynamodb/users.go:355.2,356.58 2 0
runvoy/internal/database/dynamodb/users.go:356.58,357.64 1 0
runvoy/internal/database/dynamodb/users.go:357.64,359.4 1 0
runvoy/internal/database/dynamodb/users.go:363.2,382.16 5 0
runvoy/internal/database/dynamodb/users.go:382.16,384.3 1 0
runvoy/internal/database/dynamodb/users.go:386.2,386.12 1 0
runvoy/internal/database/dynamodb/users.go:403.101,418.16 4 0
runvoy/internal/database/dynamodb/users.go:418.16,420.3 1 0
runvoy/internal/database/dynamodb/users.go:423.2,436.16 5 0
runvoy/internal/database/dynamodb/users.go:436.16,438.3 1 0
runvoy/internal/database/dynamodb/users.go:440.2,440.12 1 0
runvoy/internal/database/dynamodb/users.go:444.112,462.16 6 0
runvoy/internal/database/dynamodb/users.go:462.16,464.3 1 0
runvoy/internal/database/dynamodb/users.go:466.2,466.24 1 0
runvoy/internal/database/dynamodb/users.go:466.24,468.3 1 0
runvoy/internal/database/dynamodb/users.go:470.2,471.71 2 0
runvoy/internal/database/dynamodb/users.go:471.71,473.3 1 0
runvoy/internal/database/dynamodb/users.go:476.2,488.26 2 0
runvoy/internal/database/dynamodb/users.go:488.26,491.3 2 0
runvoy/internal/database/dynamodb/users.go:493.2,493.21 1 0
runvoy/internal/database/dynamodb/users.go:497.97,524.16 7 0
runvoy/internal/database/dynamodb/users.go:524.16,526.30 2 0
runvoy/internal/database/dynamodb/users.go:526.30,528.4 1 0
runvoy/internal/database/dynamodb/users.go:529.3,529.81 1 0
runvoy/internal/database/dynamodb/users.go:532.2,532.12 1 0
runvoy/internal/database/dynamodb/users.go:536.93,554.16 6 0
runvoy/internal/database/dynamodb/users.go:554.16,556.3 1 0
runvoy/internal/database/dynamodb/users.go:558.2,558.12 1 0
runvoy/internal/database/dynamodb/users.go:562.78,576.16 6 0
runvoy/internal/database/dynamodb/users.go:576.16,578.3 1 0
runvoy/internal/database/dynamodb/users.go:580.2,581.36 2 0
runvoy/internal/database/dynamodb/users.go:581.36,583.71 2 0
runvoy/internal/database/dynamodb/users.go:583.71,585.12 2 0
runvoy/internal/database/dynamodb/users.go:588.3,594.5 1 0
runvoy/internal/database/dynamodb/users.go:597.2,597.19 1 0
runvoy/internal/errors/errors.go:24.35,25.20 1 1
runvoy/internal/errors/errors.go:25.20,27.3 1 1
runvoy/internal/errors/errors.go:28.2,28.18 1 1
runvoy/internal/errors/errors.go:32.35,34.2 1 1
runvoy/internal/errors/errors.go:37.42,38.37 1 1
runvoy/internal/errors/errors.go:38.37,40.3 1 1
runvoy/internal/errors/errors.go:41.2,41.14 1 1
runvoy/internal/errors/errors.go:61.82,62.43 1 1
runvoy/internal/errors/errors.go:62.43,63.90 1 1
runvoy/internal/errors/errors.go:65.2,70.3 1 1
runvoy/internal/errors/errors.go:74.82,75.43 1 1
runvoy/internal/errors/errors.go:75.43,76.90 1 1
runvoy/internal/errors/errors.go:78.2,83.3 1 1
runvoy/internal/errors/errors.go:89.61,91.2 1 1
runvoy/internal/errors/errors.go:94.46,96.2 1 1
runvoy/internal/errors/errors.go:99.46,101.2 1 1
runvoy/internal/errors/errors.go:104.57,106.2 1 1
runvoy/internal/errors/errors.go:109.57,111.2 1 1
runvoy/internal/errors/errors.go:114.59,116.2 1 1
runvoy/internal/errors/errors.go:119.62,121.2 1 1
runvoy/internal/errors/errors.go:125.62,127.2 1 1
runvoy/internal/errors/errors.go:131.35,133.29 2 1
runvoy/internal/errors/errors.go:133.29,135.3 1 1
runvoy/internal/errors/errors.go:136.2,136.39 1 1
runvoy/internal/errors/errors.go:141.37,143.29 2 1
runvoy/internal/errors/errors.go:143.29,145.3 1 1
runvoy/internal/errors/errors.go:146.2,146.11 1 1
runvoy/internal/errors/errors.go:150.40,152.29 2 1
runvoy/internal/errors/errors.go:152.29,154.3 1 1
runvoy/internal/errors/errors.go:155.2,155.20 1 1
runvoy/internal/events/ecs_completion.go:23.68,24.31 1 1
runvoy/internal/events/ecs_completion.go:24.31,26.17 2 1
runvoy/internal/events/ecs_completion.go:26.17,29.4 2 0
runvoy/internal/events/ecs_completion.go:30.8,35.3 2 1
runvoy/internal/events/ecs_completion.go:37.2,38.16 2 1
runvoy/internal/events/ecs_completion.go:38.16,41.3 2 0
runvoy/internal/events/ecs_completion.go:43.2,44.25 2 1
runvoy/internal/events/ecs_completion.go:44.25,50.3 2 0
runvoy/internal/events/ecs_completion.go:52.2,52.51 1 1
runvoy/internal/events/ecs_completion.go:56.103,60.65 3 1
runvoy/internal/events/ecs_completion.go:60.65,63.3 2 0
runvoy/internal/events/ecs_completion.go:65.2,78.16 4 1
runvoy/internal/events/ecs_completion.go:78.16,81.3 2 0
runvoy/internal/events/ecs_completion.go:83.2,83.22 1 1
runvoy/internal/events/ecs_completion.go:83.22,90.3 2 1
runvoy/internal/events/ecs_completion.go:92.2,94.16 3 1
runvoy/internal/events/ecs_completion.go:94.16,96.3 1 0
runvoy/internal/events/ecs_completion.go:98.2,103.71 5 1
runvoy/internal/events/ecs_completion.go:103.71,106.3 2 0
runvoy/internal/events/ecs_completion.go:108.2,110.12 2 1
runvoy/internal/events/ecs_completion.go:115.59,118.2 2 1
runvoy/internal/events/ecs_completion.go:121.95,127.24 3 1
runvoy/internal/events/ecs_completion.go:128.23,131.26 3 1
runvoy/internal/events/ecs_completion.go:132.27,135.26 3 1
runvoy/internal/events/ecs_completion.go:139.2,139.45 1 1
runvoy/internal/events/ecs_completion.go:139.45,140.54 1 1
runvoy/internal/events/ecs_completion.go:140.54,141.33 1 1
runvoy/internal/events/ecs_completion.go:141.33,143.22 2 1
runvoy/internal/events/ecs_completion.go:143.22,145.6 1 1
runvoy/internal/events/ecs_completion.go:145.11,147.6 1 1
runvoy/internal/events/ecs_completion.go:148.5,148.28 1 1
runvoy/internal/events/ecs_completion.go:151.4,151.9 1 1
runvoy/internal/events/ecs_completion.go:157.2,157.50 1 1
runvoy/internal/events/ecs_completion.go:157.50,162.3 2 1
runvoy/internal/events/ecs_completion.go:164.2,164.25 1 1
runvoy/internal/events/ecs_completion.go:170.72,171.71 1 1
runvoy/internal/events/ecs_completion.go:171.71,177.3 2 1
runvoy/internal/events/processor.go:26.98,27.31 1 0
runvoy/internal/events/processor.go:27.31,29.3 1 0
runvoy/internal/events/processor.go:32.2,33.16 2 0
runvoy/internal/events/processor.go:33.16,35.3 1 0
runvoy/internal/events/processor.go:37.2,45.8 4 0
runvoy/internal/events/processor.go:50.91,55.26 3 1
runvoy/internal/events/processor.go:56.31,57.47 1 0
runvoy/internal/events/processor.go:58.10,63.13 2 1
runvoy/internal/events/processor.go:68.82,70.58 2 1
runvoy/internal/events/processor.go:70.58,72.3 1 1
runvoy/internal/events/processor.go:73.2,73.35 1 1
runvoy/internal/events/types.go:29.51,31.2 1 1
runvoy/cmd/backend/aws/orchestrator/main.go:18.13,25.16 6 0
runvoy/cmd/backend/aws/orchestrator/main.go:25.16,28.3 2 0
runvoy/cmd/backend/aws/orchestrator/main.go:30.2,32.23 3 0
runvoy/cmd/runvoy/main.go:7.13,9.2 1 0
runvoy/internal/server/handlers.go:20.77,24.69 3 1
runvoy/internal/server/handlers.go:24.69,28.3 2 1
runvoy/internal/server/handlers.go:31.2,32.24 2 0
runvoy/internal/server/handlers.go:32.24,35.3 2 0
runvoy/internal/server/handlers.go:37.2,38.16 2 0
runvoy/internal/server/handlers.go:38.16,48.3 6 0
runvoy/internal/server/handlers.go:50.2,51.37 2 0
runvoy/internal/server/handlers.go:55.77,59.69 3 1
runvoy/internal/server/handlers.go:59.69,63.3 2 1
runvoy/internal/server/handlers.go:65.2,65.73 1 1
runvoy/internal/server/handlers.go:65.73,75.3 6 0
runvoy/internal/server/handlers.go:77.2,81.4 2 1
runvoy/internal/server/handlers.go:85.76,89.16 3 1
runvoy/internal/server/handlers.go:89.16,98.3 6 0
runvoy/internal/server/handlers.go:100.2,101.37 2 1
runvoy/internal/server/handlers.go:105.77,109.24 3 1
runvoy/internal/server/handlers.go:109.24,112.3 2 0
runvoy/internal/server/handlers.go:114.2,115.67 2 1
runvoy/internal/server/handlers.go:115.67,118.3 2 1
runvoy/internal/server/handlers.go:120.2,121.16 2 1
runvoy/internal/server/handlers.go:121.16,134.3 6 0
runvoy/internal/server/handlers.go:136.2,137.37 2 1
runvoy/internal/server/handlers.go:141.83,145.23 3 1
runvoy/internal/server/handlers.go:145.23,148.3 2 1
runvoy/internal/server/handlers.go:150.2,151.16 2 1
runvoy/internal/server/handlers.go:151.16,161.3 6 0
runvoy/internal/server/handlers.go:163.2,164.37 2 1
runvoy/internal/server/handlers.go:168.85,172.23 3 1
runvoy/internal/server/handlers.go:172.23,175.3 2 1
runvoy/internal/server/handlers.go:177.2,178.16 2 1
runvoy/internal/server/handlers.go:178.16,195.3 6 0
runvoy/internal/server/handlers.go:196.2,197.37 2 1
runvoy/internal/server/handlers.go:201.80,205.23 3 1
runvoy/internal/server/handlers.go:205.23,208.3 2 1
runvoy/internal/server/handlers.go:210.2,211.16 2 1
runvoy/internal/server/handlers.go:211.16,224.3 6 0
runvoy/internal/server/handlers.go:226.2,230.4 2 1
runvoy/internal/server/handlers.go:234.81,238.16 3 1
runvoy/internal/server/handlers.go:238.16,247.3 6 1
runvoy/internal/server/handlers.go:249.2,250.43 2 1
runvoy/internal/server/handlers.go:254.71,260.2 2 1
runvoy/internal/server/handlers.go:263.78,268.23 3 0
runvoy/internal/server/handlers.go:268.23,271.3 2 0
runvoy/internal/server/handlers.go:274.2,278.16 3 0
runvoy/internal/server/handlers.go:278.16,287.3 6 0
runvoy/internal/server/handlers.go:290.2,291.42 2 0
runvoy/internal/server/handlers.go:295.80,299.71 3 1
runvoy/internal/server/handlers.go:299.71,302.3 2 1
runvoy/internal/server/handlers.go:304.2,305.16 2 1
runvoy/internal/server/handlers.go:305.16,314.3 6 0
runvoy/internal/server/handlers.go:316.2,317.37 2 1
runvoy/internal/server/handlers.go:321.77,325.16 3 1
runvoy/internal/server/handlers.go:325.16,334.3 6 0
runvoy/internal/server/handlers.go:336.2,337.37 2 1
runvoy/internal/server/handlers.go:344.78,349.21 3 1
runvoy/internal/server/handlers.go:349.21,352.3 2 1
runvoy/internal/server/handlers.go:354.2,355.22 2 1
runvoy/internal/server/handlers.go:355.22,357.3 1 0
runvoy/internal/server/handlers.go:358.2,359.17 2 1
runvoy/internal/server/handlers.go:359.17,362.3 2 0
runvoy/internal/server/handlers.go:364.2,365.16 2 1
runvoy/internal/server/handlers.go:365.16,374.3 6 0
runvoy/internal/server/handlers.go:376.2,380.4 2 1
runvoy/internal/server/handlers.go:384.44,387.15 2 1
runvoy/internal/server/handlers.go:387.15,391.3 2 1
runvoy/internal/server/handlers.go:394.2,395.19 2 1
runvoy/internal/server/handlers.go:395.19,397.3 1 1
runvoy/internal/server/handlers.go:400.2,401.64 2 1
runvoy/internal/server/handlers.go:401.64,403.3 1 1
runvoy/internal/server/handlers.go:404.2,404.11 1 1
runvoy/internal/server/middleware.go:26.33,28.40 2 1
runvoy/internal/server/middleware.go:28.40,30.3 1 0
runvoy/internal/server/middleware.go:31.2,31.30 1 1
runvoy/internal/server/middleware.go:36.70,37.73 1 1
runvoy/internal/server/middleware.go:37.73,40.22 2 1
runvoy/internal/server/middleware.go:40.22,41.87 1 1
runvoy/internal/server/middleware.go:41.87,43.5 1 1
runvoy/internal/server/middleware.go:46.3,46.22 1 1
runvoy/internal/server/middleware.go:46.22,48.4 1 1
runvoy/internal/server/middleware.go:50.3,54.42 4 1
runvoy/internal/server/middleware.go:61.98,62.46 1 1
runvoy/internal/server/middleware.go:62.46,63.74 1 1
runvoy/internal/server/middleware.go:63.74,71.45 5 1
runvoy/internal/server/middleware.go:71.45,82.5 2 0
runvoy/internal/server/middleware.go:88.53,89.73 1 1
runvoy/internal/server/middleware.go:89.73,91.19 2 1
runvoy/internal/server/middleware.go:91.19,93.4 1 0
runvoy/internal/server/middleware.go:93.9,96.4 1 1
runvoy/internal/server/middleware.go:97.3,102.39 4 1
runvoy/internal/server/middleware.go:102.39,105.4 2 0
runvoy/internal/server/middleware.go:107.3,107.25 1 1
runvoy/internal/server/middleware.go:112.67,113.73 1 1
runvoy/internal/server/middleware.go:113.73,116.3 2 1
runvoy/internal/server/middleware.go:120.56,125.43 4 1
runvoy/internal/server/middleware.go:125.43,127.3 1 0
runvoy/internal/server/middleware.go:129.2,130.51 2 1
runvoy/internal/server/middleware.go:130.51,132.3 1 1
runvoy/internal/server/middleware.go:134.2,134.79 1 1
runvoy/internal/server/middleware.go:138.109,141.38 3 1
runvoy/internal/server/middleware.go:141.38,153.17 7 1
runvoy/internal/server/middleware.go:153.17,160.4 1 0
runvoy/internal/server/middleware.go:160.9,166.4 1 1
runvoy/internal/server/middleware.go:168.2,168.12 1 1
runvoy/internal/server/middleware.go:174.80,175.73 1 1
runvoy/internal/server/middleware.go:175.73,180.19 4 1
runvoy/internal/server/middleware.go:180.19,183.4 2 1
runvoy/internal/server/middleware.go:185.3,186.17 2 1
runvoy/internal/server/middleware.go:186.17,189.4 2 1
runvoy/internal/server/middleware.go:191.3,199.12 6 1
runvoy/internal/server/middleware.go:205.75,206.73 1 1
runvoy/internal/server/middleware.go:206.73,210.51 4 1
runvoy/internal/server/middleware.go:210.51,212.4 1 1
runvoy/internal/server/middleware.go:215.3,233.5 5 1
runvoy/internal/server/middleware.go:239.73,240.83 1 1
runvoy/internal/server/middleware.go:240.83,242.3 1 1
runvoy/internal/server/middleware.go:244.2,244.21 1 0
runvoy/internal/server/router.go:32.72,39.24 3 1
runvoy/internal/server/router.go:39.24,41.3 1 1
runvoy/internal/server/router.go:42.2,47.40 5 1
runvoy/internal/server/router.go:47.40,53.83 3 1
runvoy/internal/server/router.go:53.83,57.4 3 1
runvoy/internal/server/router.go:58.3,58.84 1 1
runvoy/internal/server/router.go:58.84,62.4 3 1
runvoy/internal/server/router.go:63.3,70.31 5 1
runvoy/internal/server/router.go:73.2,73.15 1 1
runvoy/internal/server/router.go:83.49,84.17 1 1
runvoy/internal/server/router.go:84.17,88.3 3 1
runvoy/internal/server/router.go:91.56,92.17 1 1
runvoy/internal/server/router.go:92.17,95.3 2 1
runvoy/internal/server/router.go:97.2,97.35 1 1
runvoy/internal/server/router.go:101.70,103.2 1 1
runvoy/internal/server/router.go:106.36,108.2 1 0
runvoy/internal/server/router.go:111.41,113.2 1 0
runvoy/internal/server/router.go:116.85,118.2 1 0
runvoy/internal/server/router.go:121.89,127.2 2 1
runvoy/internal/server/router.go:130.103,136.16 3 1
runvoy/internal/server/router.go:136.16,138.3 1 1
runvoy/internal/server/router.go:139.2,139.37 1 1
runvoy/cmd/backend/aws/event_processor/main.go:17.13,24.16 6 0
runvoy/cmd/backend/aws/event_processor/main.go:24.16,27.3 2 0
runvoy/cmd/backend/aws/event_processor/main.go:29.2,30.37 2 0
runvoy/cmd/local/main.go:20.13,27.16 6 0
runvoy/cmd/local/main.go:27.16,30.3 2 0
runvoy/cmd/local/main.go:32.2,41.12 3 0
runvoy/cmd/local/main.go:41.12,52.92 3 0
runvoy/cmd/local/main.go:52.92,55.4 2 0
runvoy/cmd/local/main.go:59.2,67.58 6 0
runvoy/cmd/local/main.go:67.58,71.3 3 0
runvoy/cmd/local/main.go:72.2,74.38 2 0
runvoy/internal/lambdaapi/handler.go:17.80,20.2 2 0
runvoy/internal/app/aws/logs.go:24.107,25.38 1 0
runvoy/internal/app/aws/logs.go:25.38,27.3 1 0
runvoy/internal/app/aws/logs.go:28.2,28.23 1 0
runvoy/internal/app/aws/logs.go:28.23,30.3 1 0
runvoy/internal/app/aws/logs.go:32.2,33.16 2 0
runvoy/internal/app/aws/logs.go:33.16,35.3 1 0
runvoy/internal/app/aws/logs.go:36.2,40.114 4 0
runvoy/internal/app/aws/logs.go:40.114,42.3 1 0
runvoy/internal/app/aws/logs.go:44.2,54.16 4 0
runvoy/internal/app/aws/logs.go:54.16,56.3 1 0
runvoy/internal/app/aws/logs.go:57.2,61.47 2 0
runvoy/internal/app/aws/logs.go:61.47,61.99 1 0
runvoy/internal/app/aws/logs.go:62.2,62.24 1 0
runvoy/internal/app/aws/logs.go:62.24,64.3 1 0
runvoy/internal/app/aws/logs.go:65.2,65.20 1 0
runvoy/internal/app/aws/logs.go:74.9,89.16 5 0
runvoy/internal/app/aws/logs.go:89.16,91.3 1 0
runvoy/internal/app/aws/logs.go:93.2,93.76 1 0
runvoy/internal/app/aws/logs.go:93.76,95.3 1 0
runvoy/internal/app/aws/logs.go:95.5,97.3 1 0
runvoy/internal/app/aws/logs.go:99.2,99.12 1 0
runvoy/internal/app/aws/logs.go:105.86,109.6 4 0
runvoy/internal/app/aws/logs.go:109.6,120.17 3 0
runvoy/internal/app/aws/logs.go:120.17,122.28 2 0
runvoy/internal/app/aws/logs.go:122.28,123.10 1 0
runvoy/internal/app/aws/logs.go:125.4,125.75 1 0
runvoy/internal/app/aws/logs.go:127.3,127.32 1 0
runvoy/internal/app/aws/logs.go:127.32,132.4 1 0
runvoy/internal/app/aws/logs.go:133.3,133.95 1 0
runvoy/internal/app/aws/logs.go:133.95,134.9 1 0
runvoy/internal/app/aws/logs.go:136.3,136.35 1 0
runvoy/internal/app/aws/logs.go:138.2,138.20 1 0
runvoy/internal/app/aws/runner.go:45.78,47.2 1 0
runvoy/internal/app/aws/runner.go:50.106,52.2 1 0
runvoy/internal/app/aws/runner.go:56.61,86.16 3 0
runvoy/internal/app/aws/runner.go:86.16,100.3 1 0
runvoy/internal/app/aws/runner.go:100.8,105.3 1 0
runvoy/internal/app/aws/runner.go:107.2,111.64 2 0
runvoy/internal/app/aws/runner.go:122.112,129.17 2 0
runvoy/internal/app/aws/runner.go:129.17,131.52 2 0
runvoy/internal/app/aws/runner.go:131.52,133.4 1 0
runvoy/internal/app/aws/runner.go:134.3,139.4 1 0
runvoy/internal/app/aws/runner.go:142.2,147.66 2 0
runvoy/internal/app/aws/runner.go:152.96,153.24 1 0
runvoy/internal/app/aws/runner.go:153.24,155.3 1 0
runvoy/internal/app/aws/runner.go:157.2,160.22 3 0
runvoy/internal/app/aws/runner.go:160.22,162.17 2 0
runvoy/internal/app/aws/runner.go:162.17,164.4 1 0
runvoy/internal/app/aws/runner.go:165.3,165.25 1 0
runvoy/internal/app/aws/runner.go:165.25,167.4 1 0
runvoy/internal/app/aws/runner.go:168.3,169.62 2 0
runvoy/internal/app/aws/runner.go:172.2,173.16 2 0
runvoy/internal/app/aws/runner.go:173.16,175.3 1 0
runvoy/internal/app/aws/runner.go:177.2,187.34 5 0
runvoy/internal/app/aws/runner.go:187.34,192.3 1 0
runvoy/internal/app/aws/runner.go:194.2,199.34 2 0
runvoy/internal/app/aws/runner.go:199.34,204.3 1 0
runvoy/internal/app/aws/runner.go:206.2,206.16 1 0
runvoy/internal/app/aws/runner.go:206.16,208.19 2 0
runvoy/internal/app/aws/runner.go:208.19,210.4 1 0
runvoy/internal/app/aws/runner.go:211.3,217.21 2 0
runvoy/internal/app/aws/runner.go:218.8,223.3 2 0
runvoy/internal/app/aws/runner.go:225.2,226.16 2 0
runvoy/internal/app/aws/runner.go:226.16,232.3 1 0
runvoy/internal/app/aws/runner.go:233.2,249.16 3 0
runvoy/internal/app/aws/runner.go:249.16,254.3 1 0
runvoy/internal/app/aws/runner.go:256.2,287.16 7 0
runvoy/internal/app/aws/runner.go:287.16,289.3 1 0
runvoy/internal/app/aws/runner.go:290.2,290.35 1 0
runvoy/internal/app/aws/runner.go:290.35,292.3 1 0
runvoy/internal/app/aws/runner.go:294.2,318.19 11 0
runvoy/internal/app/aws/runner.go:318.19,324.3 1 0
runvoy/internal/app/aws/runner.go:326.2,326.36 1 0
runvoy/internal/app/aws/runner.go:332.90,333.24 1 0
runvoy/internal/app/aws/runner.go:333.24,335.3 1 0
runvoy/internal/app/aws/runner.go:337.2,340.18 3 0
runvoy/internal/app/aws/runner.go:340.18,342.3 1 0
runvoy/internal/app/aws/runner.go:344.2,345.16 2 0
runvoy/internal/app/aws/runner.go:345.16,347.3 1 0
runvoy/internal/app/aws/runner.go:349.2,349.12 1 0
runvoy/internal/app/aws/runner.go:353.75,354.24 1 0
runvoy/internal/app/aws/runner.go:354.24,356.3 1 0
runvoy/internal/app/aws/runner.go:358.2,365.16 4 0
runvoy/internal/app/aws/runner.go:365.16,367.3 1 0
runvoy/internal/app/aws/runner.go:369.2,370.16 2 0
runvoy/internal/app/aws/runner.go:370.16,372.3 1 0
runvoy/internal/app/aws/runner.go:373.2,373.20 1 0
runvoy/internal/app/aws/runner.go:379.37,383.16 2 0
runvoy/internal/app/aws/runner.go:383.16,390.3 2 0
runvoy/internal/app/aws/runner.go:391.2,391.38 1 0
runvoy/internal/app/aws/runner.go:391.38,393.3 1 0
runvoy/internal/app/aws/runner.go:394.2,394.39 1 0
runvoy/internal/app/aws/runner.go:398.95,400.46 2 0
runvoy/internal/app/aws/runner.go:400.46,402.106 2 0
runvoy/internal/app/aws/runner.go:402.106,404.4 1 0
runvoy/internal/app/aws/runner.go:406.2,410.11 2 0
runvoy/internal/app/aws/runner.go:414.96,418.37 2 0
runvoy/internal/app/aws/runner.go:418.37,420.3 1 0
runvoy/internal/app/aws/runner.go:421.2,421.38 1 0
runvoy/internal/app/aws/runner.go:421.38,424.60 1 0
runvoy/internal/app/aws/runner.go:424.60,426.4 1 0
runvoy/internal/app/aws/runner.go:428.2,428.14 1 0
runvoy/internal/app/aws/runner.go:434.28,438.41 3 0
runvoy/internal/app/aws/runner.go:438.41,440.17 2 0
runvoy/internal/app/aws/runner.go:440.17,442.4 1 0
runvoy/internal/app/aws/runner.go:444.3,445.39 2 0
runvoy/internal/app/aws/runner.go:445.39,446.12 1 0
runvoy/internal/app/aws/runner.go:449.3,457.5 3 0
runvoy/internal/app/aws/runner.go:460.2,460.35 1 0
runvoy/internal/app/aws/runner.go:460.35,467.3 1 0
runvoy/internal/app/aws/runner.go:469.2,469.20 1 0
runvoy/internal/app/aws/runner.go:473.71,474.24 1 0
runvoy/internal/app/aws/runner.go:474.24,476.3 1 0
runvoy/internal/app/aws/runner.go:478.2,480.94 2 0
runvoy/internal/app/aws/runner.go:480.94,482.3 1 0
runvoy/internal/app/aws/runner.go:484.2,484.12 1 0
runvoy/internal/app/aws/runner.go:490.19,504.16 5 0
runvoy/internal/app/aws/runner.go:504.16,507.3 2 0
runvoy/internal/app/aws/runner.go:509.2,510.19 2 0
runvoy/internal/app/aws/runner.go:510.19,512.3 1 0
runvoy/internal/app/aws/runner.go:515.2,528.16 5 0
runvoy/internal/app/aws/runner.go:528.16,530.3 1 0
runvoy/internal/app/aws/runner.go:532.2,532.19 1 0
runvoy/internal/app/aws/runner.go:532.19,535.3 2 0
runvoy/internal/app/aws/runner.go:537.2,537.21 1 0
runvoy/internal/app/aws/runner.go:541.75,542.31 1 0
runvoy/internal/app/aws/runner.go:542.31,544.59 2 0
runvoy/internal/app/aws/runner.go:544.59,546.4 1 0
runvoy/internal/app/aws/runner.go:548.2,548.11 1 0
runvoy/internal/app/aws/runner.go:552.60,558.44 2 0
runvoy/internal/app/aws/runner.go:558.44,559.30 1 0
runvoy/internal/app/aws/runner.go:559.30,563.4 1 0
runvoy/internal/app/aws/runner.go:566.2,570.88 2 0
runvoy/internal/app/aws/runner.go:570.88,577.3 1 0
runvoy/internal/app/aws/runner.go:579.2,579.12 1 0
runvoy/internal/app/aws/runner.go:587.74,588.24 1 0
runvoy/internal/app/aws/runner.go:588.24,590.3 1 0
runvoy/internal/app/aws/runner.go:592.2,595.16 3 0
runvoy/internal/app/aws/runner.go:595.16,597.3 1 0
runvoy/internal/app/aws/runner.go:599.2,612.16 5 0
runvoy/internal/app/aws/runner.go:612.16,619.3 2 0
runvoy/internal/app/aws/runner.go:621.2,621.36 1 0
runvoy/internal/app/aws/runner.go:621.36,627.3 2 0
runvoy/internal/app/aws/runner.go:629.2,633.81 4 0
runvoy/internal/app/aws/runner.go:633.81,635.3 1 0
runvoy/internal/app/aws/runner.go:637.2,652.16 5 0
runvoy/internal/app/aws/runner.go:652.16,655.3 2 0
runvoy/internal/app/aws/runner.go:657.2,663.12 2 0
runvoy/internal/app/aws/taskdef.go:24.55,31.2 6 0
runvoy/internal/app/aws/taskdef.go:35.52,38.2 2 0
runvoy/internal/app/aws/taskdef.go:43.62,45.44 2 0
runvoy/internal/app/aws/taskdef.go:45.44,47.3 1 0
runvoy/internal/app/aws/taskdef.go:48.2,49.18 2 0
runvoy/internal/app/aws/taskdef.go:56.111,60.6 3 0
runvoy/internal/app/aws/taskdef.go:60.6,65.17 2 0
runvoy/internal/app/aws/taskdef.go:65.17,67.4 1 0
runvoy/internal/app/aws/taskdef.go:72.3,72.60 1 0
runvoy/internal/app/aws/taskdef.go:72.60,75.52 2 0
runvoy/internal/app/aws/taskdef.go:75.52,77.5 1 0
runvoy/internal/app/aws/taskdef.go:80.3,80.34 1 0
runvoy/internal/app/aws/taskdef.go:80.34,81.9 1 0
runvoy/internal/app/aws/taskdef.go:83.3,83.36 1 0
runvoy/internal/app/aws/taskdef.go:86.2,86.25 1 0
runvoy/internal/app/aws/taskdef.go:95.19,98.16 3 0
runvoy/internal/app/aws/taskdef.go:98.16,100.3 1 0
runvoy/internal/app/aws/taskdef.go:102.2,107.41 2 0
runvoy/internal/app/aws/taskdef.go:107.41,112.17 3 0
runvoy/internal/app/aws/taskdef.go:112.17,117.12 2 0
runvoy/internal/app/aws/taskdef.go:120.3,122.39 3 0
runvoy/internal/app/aws/taskdef.go:122.39,123.42 1 0
runvoy/internal/app/aws/taskdef.go:123.42,124.119 1 0
runvoy/internal/app/aws/taskdef.go:124.119,126.6 1 0
runvoy/internal/app/aws/taskdef.go:127.5,127.62 1 0
runvoy/internal/app/aws/taskdef.go:127.62,129.6 1 0
runvoy/internal/app/aws/taskdef.go:133.3,133.37 1 0
runvoy/internal/app/aws/taskdef.go:133.37,135.4 1 0
runvoy/internal/app/aws/taskdef.go:138.2,138.16 1 0
runvoy/internal/app/aws/taskdef.go:147.9,150.16 3 0
runvoy/internal/app/aws/taskdef.go:150.16,152.3 1 0
runvoy/internal/app/aws/taskdef.go:154.2,154.41 1 0
runvoy/internal/app/aws/taskdef.go:154.41,159.17 3 0
runvoy/internal/app/aws/taskdef.go:159.17,164.12 2 0
runvoy/internal/app/aws/taskdef.go:167.3,168.39 2 0
runvoy/internal/app/aws/taskdef.go:168.39,170.81 1 0
runvoy/internal/app/aws/taskdef.go:170.81,172.10 2 0
runvoy/internal/app/aws/taskdef.go:176.3,176.20 1 0
runvoy/internal/app/aws/taskdef.go:176.20,181.18 2 0
runvoy/internal/app/aws/taskdef.go:181.18,187.5 1 0
runvoy/internal/app/aws/taskdef.go:187.10,189.5 1 0
runvoy/internal/app/aws/taskdef.go:193.2,193.12 1 0
runvoy/internal/app/aws/taskdef.go:203.19,211.16 3 0
runvoy/internal/app/aws/taskdef.go:211.16,213.3 1 0
runvoy/internal/app/aws/taskdef.go:215.2,215.44 1 0
runvoy/internal/app/aws/taskdef.go:215.44,222.3 3 0
runvoy/internal/app/aws/taskdef.go:224.2,226.17 1 0
runvoy/internal/app/aws/taskdef.go:232.9,233.36 1 0
runvoy/internal/app/aws/taskdef.go:233.36,234.77 1 0
runvoy/internal/app/aws/taskdef.go:234.77,236.4 1 0
runvoy/internal/app/aws/taskdef.go:237.8,237.37 1 0
runvoy/internal/app/aws/taskdef.go:237.37,242.17 2 0
runvoy/internal/app/aws/taskdef.go:242.17,248.4 1 0
runvoy/internal/app/aws/taskdef.go:248.9,250.4 1 0
runvoy/internal/app/aws/taskdef.go:252.2,252.12 1 0
runvoy/internal/app/aws/taskdef.go:259.9,265.19 3 0
runvoy/internal/app/aws/taskdef.go:265.19,271.3 2 0
runvoy/internal/app/aws/taskdef.go:272.2,278.12 2 0
runvoy/internal/app/aws/taskdef.go:285.33,286.48 1 0
runvoy/internal/app/aws/taskdef.go:286.48,290.60 2 0
runvoy/internal/app/aws/taskdef.go:290.60,295.54 3 0
runvoy/internal/app/aws/taskdef.go:295.54,296.83 1 0
runvoy/internal/app/aws/taskdef.go:296.83,298.6 1 0
runvoy/internal/app/aws/taskdef.go:299.5,299.74 1 0
runvoy/internal/app/aws/taskdef.go:299.74,301.6 1 0
runvoy/internal/app/aws/taskdef.go:305.2,305.37 1 0
runvoy/internal/app/aws/taskdef.go:309.76,320.36 2 0
runvoy/internal/app/aws/taskdef.go:320.36,325.3 1 0
runvoy/internal/app/aws/taskdef.go:326.2,326.13 1 0
runvoy/internal/app/aws/taskdef.go:334.36,410.23 2 0
runvoy/internal/app/aws/taskdef.go:410.23,412.3 1 0
runvoy/internal/app/aws/taskdef.go:413.2,413.22 1 0
runvoy/internal/app/aws/taskdef.go:430.9,434.16 3 0
runvoy/internal/app/aws/taskdef.go:434.16,436.3 1 0
runvoy/internal/app/aws/taskdef.go:438.2,439.26 2 0
runvoy/internal/app/aws/taskdef.go:439.26,445.3 2 0
runvoy/internal/app/aws/taskdef.go:447.2,447.111 1 0
runvoy/internal/app/aws/taskdef.go:447.111,449.3 1 0
runvoy/internal/app/aws/taskdef.go:451.2,451.30 1 0
runvoy/internal/app/aws/taskdef.go:451.30,453.3 1 0
runvoy/internal/app/aws/taskdef.go:455.2,459.27 2 0
runvoy/internal/app/aws/taskdef.go:459.27,461.3 1 0
runvoy/internal/app/aws/taskdef.go:463.2,465.16 3 0
runvoy/internal/app/aws/taskdef.go:465.16,467.3 1 0
runvoy/internal/app/aws/taskdef.go:469.2,472.19 3 0
runvoy/internal/app/aws/taskdef.go:472.19,477.20 2 0
runvoy/internal/app/aws/taskdef.go:477.20,483.4 1 0
runvoy/internal/app/aws/taskdef.go:486.2,487.12 2 0
runvoy/internal/app/aws/taskdef.go:491.113,493.16 2 0
runvoy/internal/app/aws/taskdef.go:493.16,496.3 2 0
runvoy/internal/app/aws/taskdef.go:498.2,498.41 1 0
runvoy/internal/app/aws/taskdef.go:498.41,502.42 2 0
runvoy/internal/app/aws/taskdef.go:502.42,503.40 1 0
runvoy/internal/app/aws/taskdef.go:503.40,505.82 1 0
runvoy/internal/app/aws/taskdef.go:505.82,507.6 1 0
runvoy/internal/app/aws/taskdef.go:511.2,511.14 1 0
runvoy/internal/app/aws/taskdef.go:517.9,527.6 3 0
runvoy/internal/app/aws/taskdef.go:527.6,534.17 2 0
runvoy/internal/app/aws/taskdef.go:534.17,536.4 1 0
runvoy/internal/app/aws/taskdef.go:538.3,538.60 1 0
runvoy/internal/app/aws/taskdef.go:538.60,542.23 2 0
runvoy/internal/app/aws/taskdef.go:542.23,550.5 2 0
runvoy/internal/app/aws/taskdef.go:552.4,556.6 1 0
runvoy/internal/app/aws/taskdef.go:559.3,559.34 1 0
runvoy/internal/app/aws/taskdef.go:559.34,560.9 1 0
runvoy/internal/app/aws/taskdef.go:562.3,562.36 1 0
runvoy/internal/app/aws/taskdef.go:565.2,569.12 2 0
runvoy/internal/app/aws/taskdef.go:577.9,580.16 3 0
runvoy/internal/app/aws/taskdef.go:580.16,583.3 2 0
runvoy/internal/app/aws/taskdef.go:585.2,586.47 2 0
runvoy/internal/app/aws/taskdef.go:586.47,590.21 2 0
runvoy/internal/app/aws/taskdef.go:590.21,596.12 2 0
runvoy/internal/app/aws/taskdef.go:599.3,599.39 1 0
runvoy/internal/app/aws/taskdef.go:599.39,600.12 1 0
runvoy/internal/app/aws/taskdef.go:603.3,603.65 1 0
runvoy/internal/app/aws/taskdef.go:603.65,605.107 2 0
runvoy/internal/app/aws/taskdef.go:605.107,607.10 2 0
runvoy/internal/app/aws/taskdef.go:612.2,612.31 1 0
runvoy/internal/app/aws/taskdef.go:612.31,615.41 3 0
runvoy/internal/app/aws/taskdef.go:615.41,618.4 2 0
runvoy/internal/app/aws/taskdef.go:620.3,638.20 4 0
runvoy/internal/app/aws/taskdef.go:638.20,644.4 1 0
runvoy/internal/app/aws/taskdef.go:644.9,649.4 1 0
runvoy/internal/app/aws/taskdef.go:651.2,651.12 1 0
runvoy/internal/app/aws/taskdef.go:661.9,666.93 3 0
runvoy/internal/app/aws/taskdef.go:666.93,668.3 1 0
runvoy/internal/app/aws/taskdef.go:670.2,670.16 1 0
runvoy/internal/app/aws/taskdef.go:670.16,671.89 1 0
runvoy/internal/app/aws/taskdef.go:671.89,673.4 1 0
runvoy/internal/app/aws/taskdef.go:676.2,676.12 1 0
runvoy/internal/logger/context.go:21.75,23.2 1 1
runvoy/internal/logger/context.go:27.47,28.66 1 1
runvoy/internal/logger/context.go:28.66,30.3 1 1
runvoy/internal/logger/context.go:32.2,32.11 1 1
runvoy/internal/logger/context.go:39.79,40.17 1 1
runvoy/internal/logger/context.go:40.17,42.3 1 1
runvoy/internal/logger/context.go:45.2,45.53 1 1
runvoy/internal/logger/context.go:45.53,47.3 1 1
runvoy/internal/logger/context.go:50.2,50.50 1 1
runvoy/internal/logger/context.go:50.50,51.28 1 1
runvoy/internal/logger/context.go:51.28,53.4 1 1
runvoy/internal/logger/context.go:56.2,56.13 1 1
runvoy/internal/logger/context.go:61.49,63.9 2 1
runvoy/internal/logger/context.go:63.9,65.3 1 1
runvoy/internal/logger/context.go:67.2,71.3 2 1
runvoy/internal/logger/context.go:77.44,79.36 2 1
runvoy/internal/logger/context.go:79.36,80.22 1 1
runvoy/internal/logger/context.go:80.22,81.39 1 1
runvoy/internal/logger/context.go:81.39,83.5 1 1
runvoy/internal/logger/context.go:86.2,86.16 1 1
runvoy/internal/logger/logger.go:17.54,20.27 2 1
runvoy/internal/logger/logger.go:21.22,23.20 2 1
runvoy/internal/logger/logger.go:23.20,25.4 1 1
runvoy/internal/logger/logger.go:26.3,28.28 2 1
runvoy/internal/logger/logger.go:28.28,31.20 3 1
runvoy/internal/logger/logger.go:31.20,33.5 1 1
runvoy/internal/logger/logger.go:35.4,35.32 1 1
runvoy/internal/logger/logger.go:36.24,37.59 1 0
runvoy/internal/logger/logger.go:38.27,39.59 1 1
runvoy/internal/logger/logger.go:40.12,41.62 1 1
runvoy/internal/logger/logger.go:44.25,46.20 2 1
runvoy/internal/logger/logger.go:46.20,48.4 1 1
runvoy/internal/logger/logger.go:49.3,51.28 2 1
runvoy/internal/logger/logger.go:51.28,53.20 2 1
runvoy/internal/logger/logger.go:53.20,55.5 1 1
runvoy/internal/logger/logger.go:56.4,56.64 1 1
runvoy/internal/logger/logger.go:58.10,59.34 1 1
runvoy/internal/logger/logger.go:62.2,62.33 1 1
runvoy/internal/logger/logger.go:66.59,67.35 1 1
runvoy/internal/logger/logger.go:68.41,70.39 2 1
runvoy/internal/logger/logger.go:72.2,72.10 1 1
runvoy/internal/logger/logger.go:76.75,79.33 2 1
runvoy/internal/logger/logger.go:79.33,83.3 1 1
runvoy/internal/logger/logger.go:83.8,88.3 1 1
runvoy/internal/logger/logger.go:90.2,94.15 4 1
runvoy/internal/output/output.go:34.24,36.14 2 1
runvoy/internal/output/output.go:36.14,38.4 1 1
runvoy/internal/output/output.go:39.3,39.17 1 1
runvoy/internal/output/output.go:46.33,49.2 2 1
runvoy/internal/output/output.go:53.48,55.2 1 1
runvoy/internal/output/output.go:59.45,61.2 1 1
runvoy/internal/output/output.go:65.48,67.2 1 0
runvoy/internal/output/output.go:71.46,73.2 1 1
runvoy/internal/output/output.go:76.46,79.2 2 0
runvoy/internal/output/output.go:83.44,86.2 2 1
runvoy/internal/output/output.go:90.51,93.2 2 0
runvoy/internal/output/output.go:97.49,100.2 2 0
runvoy/internal/output/output.go:106.26,110.2 3 1
runvoy/internal/output/output.go:116.29,120.2 3 1
runvoy/internal/output/output.go:124.34,126.2 1 1
runvoy/internal/output/output.go:130.38,132.2 1 0
runvoy/internal/output/output.go:135.14,137.2 1 0
runvoy/internal/output/output.go:140.32,142.2 1 0
runvoy/internal/output/output.go:145.46,147.2 1 0
runvoy/internal/output/output.go:150.31,152.2 1 1
runvoy/internal/output/output.go:155.31,157.2 1 1
runvoy/internal/output/output.go:160.31,162.2 1 1
runvoy/internal/output/output.go:165.32,167.2 1 1
runvoy/internal/output/output.go:170.30,172.2 1 1
runvoy/internal/output/output.go:175.33,177.2 1 1
runvoy/internal/output/output.go:184.23,187.29 3 1
runvoy/internal/output/output.go:187.29,188.25 1 1
runvoy/internal/output/output.go:188.25,190.4 1 1
runvoy/internal/output/output.go:194.2,197.29 2 1
runvoy/internal/output/output.go:197.29,204.3 2 1
runvoy/internal/output/output.go:207.2,207.118 1 1
runvoy/internal/output/output.go:216.47,217.23 1 1
runvoy/internal/output/output.go:217.23,219.3 1 0
runvoy/internal/output/output.go:222.2,223.28 2 1
runvoy/internal/output/output.go:223.28,225.3 1 1
runvoy/internal/output/output.go:226.2,226.27 1 1
runvoy/internal/output/output.go:226.27,227.28 1 1
runvoy/internal/output/output.go:227.28,228.23 1 1
runvoy/internal/output/output.go:228.23,230.22 2 1
runvoy/internal/output/output.go:230.22,232.6 1 1
runvoy/internal/output/output.go:238.2,238.28 1 1
runvoy/internal/output/output.go:238.28,241.14 3 1
runvoy/internal/output/output.go:241.14,243.4 1 0
runvoy/internal/output/output.go:244.3,246.34 3 1
runvoy/internal/output/output.go:248.2,251.25 2 1
runvoy/internal/output/output.go:251.25,253.3 1 1
runvoy/internal/output/output.go:254.2,257.27 2 1
runvoy/internal/output/output.go:257.27,258.28 1 1
runvoy/internal/output/output.go:258.28,259.24 1 1
runvoy/internal/output/output.go:259.24,260.13 1 0
runvoy/internal/output/output.go:262.4,263.15 2 1
runvoy/internal/output/output.go:263.15,265.5 1 0
runvoy/internal/output/output.go:266.4,268.35 3 1
runvoy/internal/output/output.go:270.3,270.30 1 1
runvoy/internal/output/output.go:279.27,280.29 1 1
runvoy/internal/output/output.go:280.29,282.3 1 1
runvoy/internal/output/output.go:290.35,291.29 1 1
runvoy/internal/output/output.go:291.29,293.3 1 1
runvoy/internal/output/output.go:306.42,312.2 1 1
runvoy/internal/output/output.go:315.27,316.39 1 1
runvoy/internal/output/output.go:316.39,320.3 2 1
runvoy/internal/output/output.go:322.2,323.12 2 0
runvoy/internal/output/output.go:323.12,327.7 3 0
runvoy/internal/output/output.go:327.7,328.11 1 0
runvoy/internal/output/output.go:329.18,330.11 1 0
runvoy/internal/output/output.go:331.20,334.14 3 0
runvoy/internal/output/output.go:341.26,342.16 1 1
runvoy/internal/output/output.go:342.16,344.3 1 1
runvoy/internal/output/output.go:345.2,346.77 2 0
runvoy/internal/output/output.go:350.43,353.2 2 0
runvoy/internal/output/output.go:356.41,359.2 2 0
runvoy/internal/output/output.go:370.61,377.2 1 1
runvoy/internal/output/output.go:380.43,381.39 1 1
runvoy/internal/output/output.go:381.39,383.44 1 1
runvoy/internal/output/output.go:383.44,385.4 1 1
runvoy/internal/output/output.go:386.3,386.25 1 1
runvoy/internal/output/output.go:386.25,388.4 1 1
runvoy/internal/output/output.go:389.3,389.9 1 1
runvoy/internal/output/output.go:392.2,403.24 6 0
runvoy/internal/output/output.go:403.24,405.3 1 0
runvoy/internal/output/output.go:409.35,411.2 1 0
runvoy/internal/output/output.go:414.34,416.2 1 1
runvoy/internal/output/output.go:420.34,428.2 5 0
runvoy/internal/output/output.go:431.35,438.2 4 0
runvoy/internal/output/output.go:441.43,442.6 1 0
runvoy/internal/output/output.go:442.6,444.21 2 0
runvoy/internal/output/output.go:444.21,446.4 1 0
runvoy/internal/output/output.go:447.3,447.37 1 0
runvoy/internal/output/output.go:454.41,461.2 4 0
runvoy/internal/output/output.go:464.40,465.33 1 1
runvoy/internal/output/output.go:466.43,467.39 1 1
runvoy/internal/output/output.go:468.44,469.40 1 1
runvoy/internal/output/output.go:470.25,471.37 1 1
runvoy/internal/output/output.go:472.27,473.38 1 1
runvoy/internal/output/output.go:474.10,475.38 1 0
runvoy/internal/output/output.go:480.39,481.21 1 1
runvoy/internal/output/output.go:481.21,483.3 1 1
runvoy/internal/output/output.go:484.2,484.19 1 1
runvoy/internal/output/output.go:484.19,488.3 3 1
runvoy/internal/output/output.go:489.2,491.47 3 1
runvoy/internal/output/output.go:495.28,497.14 2 1
runvoy/internal/output/output.go:497.14,499.3 1 1
runvoy/internal/output/output.go:500.2,501.42 2 1
runvoy/internal/output/output.go:501.42,504.3 2 1
runvoy/internal/output/output.go:505.2,505.72 1 1
runvoy/internal/output/output.go:509.35,510.31 1 1
runvoy/internal/output/output.go:510.31,513.3 2 1
runvoy/internal/output/output.go:514.2,514.14 1 0
runvoy/scripts/update-readme-help/main.go:20.13,21.58 1 0
runvoy/scripts/update-readme-help/main.go:21.58,23.3 1 0
runvoy/scripts/update-readme-help/main.go:25.2,26.21 2 0
runvoy/scripts/update-readme-help/main.go:26.21,28.3 1 0
runvoy/scripts/update-readme-help/main.go:30.2,31.16 2 0
runvoy/scripts/update-readme-help/main.go:31.16,33.3 1 0
runvoy/scripts/update-readme-help/main.go:35.2,37.61 2 0
runvoy/scripts/update-readme-help/main.go:37.61,39.3 1 0
runvoy/scripts/update-readme-help/main.go:41.2,41.66 1 0
runvoy/scripts/update-readme-help/main.go:44.58,51.2 5 0
runvoy/scripts/update-readme-help/main.go:53.52,72.2 18 0
runvoy/scripts/update-readme-help/main.go:74.57,76.16 2 0
runvoy/scripts/update-readme-help/main.go:76.16,78.3 1 0
runvoy/scripts/update-readme-help/main.go:80.2,82.92 2 0
runvoy/scripts/update-readme-help/main.go:82.92,86.3 1 0
runvoy/scripts/update-readme-help/main.go:90.2,96.101 4 0
runvoy/scripts/update-readme-help/main.go:96.101,98.3 1 0
runvoy/scripts/update-readme-help/main.go:100.2,100.12 1 0
runvoy/scripts/create-config-file/main.go:18.13,19.60 1 0
runvoy/scripts/create-config-file/main.go:19.60,21.3 1 0
runvoy/scripts/create-config-file/main.go:23.2,24.21 2 0
runvoy/scripts/create-config-file/main.go:24.21,26.3 1 0
runvoy/scripts/create-config-file/main.go:28.2,32.16 4 0
runvoy/scripts/create-config-file/main.go:32.16,34.3 1 0
runvoy/scripts/create-config-file/main.go:36.2,41.16 5 0
runvoy/scripts/create-config-file/main.go:41.16,43.3 1 0
runvoy/scripts/create-config-file/main.go:45.2,46.16 2 0
runvoy/scripts/create-config-file/main.go:46.16,52.3 1 0
runvoy/scripts/create-config-file/main.go:52.8,55.3 1 0
runvoy/scripts/create-config-file/main.go:57.2,57.40 1 0
runvoy/scripts/create-config-file/main.go:57.40,59.3 1 0
runvoy/scripts/create-config-file/main.go:61.2,61.70 1 0
runvoy/scripts/create-config-file/main.go:64.116,68.16 2 0
runvoy/scripts/create-config-file/main.go:68.16,70.3 1 0
runvoy/scripts/create-config-file/main.go:72.2,72.29 1 0
runvoy/scripts/create-config-file/main.go:72.29,74.3 1 0
runvoy/scripts/create-config-file/main.go:76.2,77.36 2 0
runvoy/scripts/create-config-file/main.go:77.36,78.62 1 0
runvoy/scripts/create-config-file/main.go:78.62,79.30 1 0
runvoy/scripts/create-config-file/main.go:79.30,81.5 1 0
runvoy/scripts/create-config-file/main.go:85.2,85.78 1 0
runvoy/internal/testutil/assert.go:13.78,15.32 2 0
runvoy/internal/testutil/assert.go:15.32,17.3 1 0
runvoy/internal/testutil/assert.go:18.2,18.13 1 0
runvoy/internal/testutil/assert.go:22.94,25.26 3 0
runvoy/internal/testutil/assert.go:25.26,27.3 1 0
runvoy/internal/testutil/assert.go:28.2,28.13 1 0
runvoy/internal/testutil/assert.go:32.95,35.30 3 0
runvoy/internal/testutil/assert.go:35.30,37.3 1 0
runvoy/internal/testutil/assert.go:38.2,38.13 1 0
runvoy/internal/testutil/assert.go:42.77,45.2 2 0
runvoy/internal/testutil/assert.go:48.75,51.2 2 0
runvoy/internal/testutil/assert.go:54.94,57.2 2 0
runvoy/internal/testutil/assert.go:60.84,63.2 2 0
runvoy/internal/testutil/assert.go:66.79,69.2 2 0
runvoy/internal/testutil/assert.go:72.82,75.2 2 0
runvoy/internal/testutil/fixtures.go:20.36,28.2 1 0
runvoy/internal/testutil/fixtures.go:31.60,34.2 2 0
runvoy/internal/testutil/fixtures.go:37.63,40.2 2 0
runvoy/internal/testutil/fixtures.go:43.62,46.2 2 0
runvoy/internal/testutil/fixtures.go:49.46,52.2 2 0
runvoy/internal/testutil/fixtures.go:55.41,57.2 1 0
runvoy/internal/testutil/fixtures.go:65.46,75.2 1 0
runvoy/internal/testutil/fixtures.go:78.73,81.2 2 0
runvoy/internal/testutil/fixtures.go:84.70,87.2 2 0
runvoy/internal/testutil/fixtures.go:90.72,93.2 2 0
runvoy/internal/testutil/fixtures.go:96.74,99.2 2 0
runvoy/internal/testutil/fixtures.go:102.77,105.2 2 0
runvoy/internal/testutil/fixtures.go:108.58,114.2 5 0
runvoy/internal/testutil/fixtures.go:117.55,123.2 5 0
runvoy/internal/testutil/fixtures.go:126.51,128.2 1 0
runvoy/internal/testutil/fixtures.go:133.36,137.2 3 0
runvoy/internal/testutil/fixtures.go:140.32,144.2 1 0
runvoy/internal/testutil/fixtures.go:147.34,151.2 1 0
runvoy/scripts/seed-admin-user/main.go:31.77,34.16 3 0
runvoy/scripts/seed-admin-user/main.go:34.16,36.3 1 0
runvoy/scripts/seed-admin-user/main.go:38.2,39.16 2 0
runvoy/scripts/seed-admin-user/main.go:39.16,44.3 1 0
runvoy/scripts/seed-admin-user/main.go:44.8,46.3 1 0
runvoy/scripts/seed-admin-user/main.go:48.2,49.32 2 0
runvoy/scripts/seed-admin-user/main.go:52.114,54.16 2 0
runvoy/scripts/seed-admin-user/main.go:54.16,56.3 1 0
runvoy/scripts/seed-admin-user/main.go:57.2,57.18 1 0
runvoy/scripts/seed-admin-user/main.go:57.18,59.3 1 0
runvoy/scripts/seed-admin-user/main.go:61.2,69.16 3 0
runvoy/scripts/seed-admin-user/main.go:69.16,71.3 1 0
runvoy/scripts/seed-admin-user/main.go:73.2,81.16 3 0
runvoy/scripts/seed-admin-user/main.go:81.16,83.3 1 0
runvoy/scripts/seed-admin-user/main.go:85.2,85.47 1 0
runvoy/scripts/seed-admin-user/main.go:88.13,89.57 1 0
runvoy/scripts/seed-admin-user/main.go:89.57,91.3 1 0
runvoy/scripts/seed-admin-user/main.go:93.2,95.41 3 0
runvoy/scripts/seed-admin-user/main.go:95.41,97.3 1 0
runvoy/scripts/seed-admin-user/main.go:99.2,104.16 5 0
runvoy/scripts/seed-admin-user/main.go:104.16,106.3 1 0
runvoy/scripts/seed-admin-user/main.go:108.2,112.16 5 0
runvoy/scripts/seed-admin-user/main.go:112.16,114.3 1 0
runvoy/scripts/seed-admin-user/main.go:116.2,119.40 3 0
runvoy/scripts/seed-admin-user/main.go:119.40,125.3 1 0
runvoy/scripts/seed-admin-user/main.go:126.2,126.34 1 0
runvoy/scripts/seed-admin-user/main.go:129.107,139.16 2 0
runvoy/scripts/seed-admin-user/main.go:139.16,141.3 1 0
runvoy/scripts/seed-admin-user/main.go:143.2,143.35 1 0
runvoy/scripts/seed-admin-user/main.go:146.114,150.16 2 0
runvoy/scripts/seed-admin-user/main.go:150.16,152.3 1 0
runvoy/scripts/seed-admin-user/main.go:154.2,154.29 1 0
runvoy/scripts/seed-admin-user/main.go:154.29,156.3 1 0
runvoy/scripts/seed-admin-user/main.go:158.2,159.36 2 0
runvoy/scripts/seed-admin-user/main.go:159.36,160.67 1 0
runvoy/scripts/seed-admin-user/main.go:160.67,161.30 1 0
runvoy/scripts/seed-admin-user/main.go:161.30,163.5 1 0
runvoy/scripts/seed-admin-user/main.go:167.2,167.83 1 0
runvoy/scripts/sync-env-vars/main.go:31.13,36.16 4 0
runvoy/scripts/sync-env-vars/main.go:36.16,38.3 1 0
runvoy/scripts/sync-env-vars/main.go:40.2,48.16 5 0
runvoy/scripts/sync-env-vars/main.go:48.16,50.3 1 0
runvoy/scripts/sync-env-vars/main.go:52.2,53.86 2 0
runvoy/scripts/sync-env-vars/main.go:53.86,54.58 1 0
runvoy/scripts/sync-env-vars/main.go:54.58,56.4 1 0
runvoy/scripts/sync-env-vars/main.go:59.2,59.26 1 0
runvoy/scripts/sync-env-vars/main.go:59.26,61.3 1 0
runvoy/scripts/sync-env-vars/main.go:63.2,65.16 3 0
runvoy/scripts/sync-env-vars/main.go:65.16,67.3 1 0
runvoy/scripts/sync-env-vars/main.go:70.2,70.98 1 0
runvoy/scripts/sync-env-vars/main.go:70.98,72.3 1 0
runvoy/scripts/sync-env-vars/main.go:74.2,77.3 1 0
runvoy/scripts/sync-env-vars/main.go:81.61,85.16 3 0
runvoy/scripts/sync-env-vars/main.go:85.16,86.16 1 0
runvoy/scripts/sync-env-vars/main.go:86.16,88.4 1 0
runvoy/scripts/sync-env-vars/main.go:89.3,90.22 2 0
runvoy/scripts/sync-env-vars/main.go:90.22,92.4 1 0
runvoy/scripts/sync-env-vars/main.go:93.3,93.38 1 0
runvoy/scripts/sync-env-vars/main.go:93.38,95.4 1 0
runvoy/scripts/sync-env-vars/main.go:96.8,96.32 1 0
runvoy/scripts/sync-env-vars/main.go:96.32,98.3 1 0
runvoy/scripts/sync-env-vars/main.go:100.2,100.19 1 0
runvoy/scripts/sync-env-vars/main.go:104.112,108.29 3 0
runvoy/scripts/sync-env-vars/main.go:108.29,110.54 2 0
runvoy/scripts/sync-env-vars/main.go:110.54,112.51 2 0
runvoy/scripts/sync-env-vars/main.go:112.51,117.5 4 0
runvoy/scripts/sync-env-vars/main.go:117.10,119.5 1 0
runvoy/scripts/sync-env-vars/main.go:120.9,122.4 1 0
runvoy/scripts/sync-env-vars/main.go:124.3,124.47 1 0
runvoy/scripts/sync-env-vars/main.go:124.47,126.4 1 0
runvoy/scripts/sync-env-vars/main.go:129.2,129.29 1 0
runvoy/scripts/sync-env-vars/main.go:133.102,134.26 1 0
runvoy/scripts/sync-env-vars/main.go:134.26,136.3 1 0
runvoy/scripts/sync-env-vars/main.go:138.2,139.28 2 0
runvoy/scripts/sync-env-vars/main.go:139.28,141.3 1 0
runvoy/scripts/sync-env-vars/main.go:142.2,144.22 2 0
runvoy/scripts/sync-env-vars/main.go:144.22,146.3 1 0
runvoy/scripts/sync-env-vars/main.go:148.2,149.27 2 0
runvoy/scripts/sync-env-vars/main.go:149.27,153.3 3 0
runvoy/scripts/sync-env-vars/main.go:155.2,155.17 1 0
runvoy/scripts/sync-env-vars/main.go:161.114,163.16 2 0
runvoy/scripts/sync-env-vars/main.go:163.16,165.3 1 0
runvoy/scripts/sync-env-vars/main.go:167.2,170.53 3 0
runvoy/scripts/sync-env-vars/main.go:175.42,179.66 1 0
runvoy/scripts/sync-env-vars/main.go:179.66,185.3 4 0
runvoy/scripts/sync-env-vars/main.go:186.2,186.14 1 0
